
V  [jvm.dll+0x7da4ed]
V  [jvm.dll+0x7dbe33]
V  [jvm.dll+0x7dc4a3]
V  [jvm.dll+0x24508f]
V  [jvm.dll+0xab773]
V  [jvm.dll+0xabd3c]
V  [jvm.dll+0x361b9f]
V  [jvm.dll+0x32c431]
V  [jvm.dll+0x32b8ca]
V  [jvm.dll+0x21683f]
V  [jvm.dll+0x215c6f]
V  [jvm.dll+0x1a2960]
V  [jvm.dll+0x22610b]
V  [jvm.dll+0x2242ab]
V  [jvm.dll+0x79075c]
V  [jvm.dll+0x78abea]
V  [jvm.dll+0x678f35]
C  [ucrtbase.dll+0x21bb2]
C  [KERNEL32.DLL+0x17374]
C  [ntdll.dll+0x4cc91]


---------------  P R O C E S S  ---------------

Threads class SMR info:
_java_thread_list=0x000001bd4ef69350, length=65, elements={
0x000001bd17269290, 0x000001bd332199e0, 0x000001bd3321a4b0, 0x000001bd33232e90,
0x000001bd33233760, 0x000001bd33235040, 0x000001bd33235910, 0x000001bd332365c0,
0x000001bd332a4290, 0x000001bd332a9eb0, 0x000001bd33203070, 0x000001bd3350d610,
0x000001bd4d7da0b0, 0x000001bd3362dd80, 0x000001bd4d9b03d0, 0x000001bd4d4ef7b0,
0x000001bd4d4ee210, 0x000001bd4d4ed7f0, 0x000001bd4d4ef140, 0x000001bd4d4ee720,
0x000001bd4d4eec30, 0x000001bd4eb3f020, 0x000001bd4eb39f20, 0x000001bd4eb3f530,
0x000001bd4eb3ae50, 0x000001bd4eb3bd80, 0x000001bd4eb3d6d0, 0x000001bd4eb3b360,
0x000001bd4eb3b870, 0x000001bd4eb3c7a0, 0x000001bd4eb3a940, 0x000001bd4eb3fa40,
0x000001bd4eb3dbe0, 0x000001bd4eb3eb10, 0x000001bd4eb3c290, 0x000001bd4eb3ccb0,
0x000001bd4eb3e600, 0x000001bd4eb40460, 0x000001bd4eb38ff0, 0x000001bd4eb39500,
0x000001bd4eb39a10, 0x000001bd501a43d0, 0x000001bd501a48e0, 0x000001bd501a2f90,
0x000001bd501a4df0, 0x000001bd501a5810, 0x000001bd501a34a0, 0x000001bd501a2a80,
0x000001bd51cdd1c0, 0x000001bd527dfac0, 0x000001bd51ec30e0, 0x000001bd51ebc690,
0x000001bd51ec35f0, 0x000001bd51ec21b0, 0x000001bd51ebdfe0, 0x000001bd51ec0860,
0x000001bd51ec0d70, 0x000001bd51ebc180, 0x000001bd51ebcba0, 0x000001bd51ec1790,
0x000001bd51ec3b00, 0x000001bd51ebd5c0, 0x000001bd51ebea00, 0x000001bd51ebef10,
0x000001bd51ebf420
}

Java Threads: ( => current thread )
  0x000001bd17269290 JavaThread "main" [_thread_blocked, id=7944, stack(0x000000bb8e000000,0x000000bb8e100000)]
  0x000001bd332199e0 JavaThread "Reference Handler" daemon [_thread_blocked, id=9940, stack(0x000000bb8e700000,0x000000bb8e800000)]
  0x000001bd3321a4b0 JavaThread "Finalizer" daemon [_thread_blocked, id=7312, stack(0x000000bb8e800000,0x000000bb8e900000)]
  0x000001bd33232e90 JavaThread "Signal Dispatcher" daemon [_thread_blocked, id=7904, stack(0x000000bb8e900000,0x000000bb8ea00000)]
  0x000001bd33233760 JavaThread "Attach Listener" daemon [_thread_blocked, id=7672, stack(0x000000bb8ea00000,0x000000bb8eb00000)]
  0x000001bd33235040 JavaThread "Service Thread" daemon [_thread_blocked, id=32, stack(0x000000bb8eb00000,0x000000bb8ec00000)]
  0x000001bd33235910 JavaThread "Monitor Deflation Thread" daemon [_thread_blocked, id=12664, stack(0x000000bb8ec00000,0x000000bb8ed00000)]
=>0x000001bd332365c0 JavaThread "C2 CompilerThread0" daemon [_thread_in_native, id=10504, stack(0x000000bb8ed00000,0x000000bb8ee00000)]
  0x000001bd332a4290 JavaThread "C1 CompilerThread0" daemon [_thread_blocked, id=2744, stack(0x000000bb8ee00000,0x000000bb8ef00000)]
  0x000001bd332a9eb0 JavaThread "Sweeper thread" daemon [_thread_blocked, id=8940, stack(0x000000bb8ef00000,0x000000bb8f000000)]
  0x000001bd33203070 JavaThread "Common-Cleaner" daemon [_thread_blocked, id=3256, stack(0x000000bb8f000000,0x000000bb8f100000)]
  0x000001bd3350d610 JavaThread "Notification Thread" daemon [_thread_blocked, id=1168, stack(0x000000bb8f100000,0x000000bb8f200000)]
  0x000001bd4d7da0b0 JavaThread "Daemon health stats" [_thread_blocked, id=720, stack(0x000000bb8f700000,0x000000bb8f800000)]
  0x000001bd3362dd80 JavaThread "Incoming local TCP Connector on port 59619" [_thread_in_native, id=11796, stack(0x000000bb8f800000,0x000000bb8f900000)]
  0x000001bd4d9b03d0 JavaThread "Daemon periodic checks" [_thread_blocked, id=12696, stack(0x000000bb8f900000,0x000000bb8fa00000)]
  0x000001bd4d4ef7b0 JavaThread "Daemon" [_thread_blocked, id=8580, stack(0x000000bb8fa00000,0x000000bb8fb00000)]
  0x000001bd4d4ee210 JavaThread "Handler for socket connection from /127.0.0.1:59619 to /127.0.0.1:59620" [_thread_blocked, id=11892, stack(0x000000bb8fb00000,0x000000bb8fc00000)]
  0x000001bd4d4ed7f0 JavaThread "Cancel handler" [_thread_blocked, id=2116, stack(0x000000bb8fc00000,0x000000bb8fd00000)]
  0x000001bd4d4ef140 JavaThread "Daemon worker" [_thread_in_native, id=580, stack(0x000000bb8fd00000,0x000000bb8fe00000)]
  0x000001bd4d4ee720 JavaThread "Stdin handler" [_thread_blocked, id=6768, stack(0x000000bb8ff00000,0x000000bb90000000)]
  0x000001bd4d4eec30 JavaThread "Daemon client event forwarder" [_thread_blocked, id=1208, stack(0x000000bb90000000,0x000000bb90100000)]
  0x000001bd4eb3f020 JavaThread "Cache worker for journal cache (C:\Users\DrLalkinstein\.gradle\caches\journal-1)" [_thread_blocked, id=6496, stack(0x000000bb90100000,0x000000bb90200000)]
  0x000001bd4eb39f20 JavaThread "File lock request listener" [_thread_in_native, id=7740, stack(0x000000bb90200000,0x000000bb90300000)]
  0x000001bd4eb3f530 JavaThread "Cache worker for file hash cache (C:\Users\DrLalkinstein\.gradle\caches\9.0.0\fileHashes)" [_thread_blocked, id=5964, stack(0x000000bb90300000,0x000000bb90400000)]
  0x000001bd4eb3ae50 JavaThread "Cache worker for file hash cache (C:\Users\DrLalkinstein\IdeaProjects\2\QA_GURU_project_2\.gradle\9.0.0\fileHashes)" [_thread_blocked, id=3272, stack(0x000000bb90400000,0x000000bb90500000)]
  0x000001bd4eb3bd80 JavaThread "Cache worker for Build Output Cleanup Cache (C:\Users\DrLalkinstein\IdeaProjects\2\QA_GURU_project_2\.gradle\buildOutputCleanup)" [_thread_blocked, id=560, stack(0x000000bb90500000,0x000000bb90600000)]
  0x000001bd4eb3d6d0 JavaThread "File watcher server" daemon [_thread_in_native, id=7724, stack(0x000000bb90600000,0x000000bb90700000)]
  0x000001bd4eb3b360 JavaThread "File watcher consumer" daemon [_thread_blocked, id=12540, stack(0x000000bb90700000,0x000000bb90800000)]
  0x000001bd4eb3b870 JavaThread "jar transforms" [_thread_blocked, id=10580, stack(0x000000bb90800000,0x000000bb90900000)]
  0x000001bd4eb3c7a0 JavaThread "jar transforms Thread 2" [_thread_blocked, id=6552, stack(0x000000bb90900000,0x000000bb90a00000)]
  0x000001bd4eb3a940 JavaThread "jar transforms Thread 3" [_thread_blocked, id=6916, stack(0x000000bb90a00000,0x000000bb90b00000)]
  0x000001bd4eb3fa40 JavaThread "jar transforms Thread 4" [_thread_blocked, id=7844, stack(0x000000bb90b00000,0x000000bb90c00000)]
  0x000001bd4eb3dbe0 JavaThread "Cache worker for checksums cache (C:\Users\DrLalkinstein\IdeaProjects\2\QA_GURU_project_2\.gradle\9.0.0\checksums)" [_thread_blocked, id=12080, stack(0x000000bb90c00000,0x000000bb90d00000)]
  0x000001bd4eb3eb10 JavaThread "Cache worker for file content cache (C:\Users\DrLalkinstein\.gradle\caches\9.0.0\fileContent)" [_thread_blocked, id=13104, stack(0x000000bb90d00000,0x000000bb90e00000)]
  0x000001bd4eb3c290 JavaThread "Cache worker for cache directory md-supplier (C:\Users\DrLalkinstein\.gradle\caches\9.0.0\md-supplier)" [_thread_blocked, id=12020, stack(0x000000bb90e00000,0x000000bb90f00000)]
  0x000001bd4eb3ccb0 JavaThread "Cache worker for cache directory md-rule (C:\Users\DrLalkinstein\.gradle\caches\9.0.0\md-rule)" [_thread_blocked, id=9684, stack(0x000000bb90f00000,0x000000bb91000000)]
  0x000001bd4eb3e600 JavaThread "Unconstrained build operations" [_thread_blocked, id=5844, stack(0x000000bb91100000,0x000000bb91200000)]
  0x000001bd4eb40460 JavaThread "Unconstrained build operations Thread 2" [_thread_blocked, id=9056, stack(0x000000bb91200000,0x000000bb91300000)]
  0x000001bd4eb38ff0 JavaThread "Unconstrained build operations Thread 3" [_thread_blocked, id=2820, stack(0x000000bb91300000,0x000000bb91400000)]
  0x000001bd4eb39500 JavaThread "Unconstrained build operations Thread 4" [_thread_blocked, id=3700, stack(0x000000bb91400000,0x000000bb91500000)]
  0x000001bd4eb39a10 JavaThread "Unconstrained build operations Thread 5" [_thread_blocked, id=2480, stack(0x000000bb91500000,0x000000bb91600000)]
  0x000001bd501a43d0 JavaThread "Unconstrained build operations Thread 6" [_thread_blocked, id=12232, stack(0x000000bb91600000,0x000000bb91700000)]
  0x000001bd501a48e0 JavaThread "Unconstrained build operations Thread 7" [_thread_blocked, id=7964, stack(0x000000bb91700000,0x000000bb91800000)]
  0x000001bd501a2f90 JavaThread "Unconstrained build operations Thread 8" [_thread_blocked, id=12500, stack(0x000000bb91800000,0x000000bb91900000)]
  0x000001bd501a4df0 JavaThread "Unconstrained build operations Thread 9" [_thread_blocked, id=10624, stack(0x000000bb91900000,0x000000bb91a00000)]
  0x000001bd501a5810 JavaThread "Unconstrained build operations Thread 10" [_thread_blocked, id=10104, stack(0x000000bb91a00000,0x000000bb91b00000)]
  0x000001bd501a34a0 JavaThread "Unconstrained build operations Thread 11" [_thread_blocked, id=4512, stack(0x000000bb91b00000,0x000000bb91c00000)]
  0x000001bd501a2a80 JavaThread "Unconstrained build operations Thread 12" [_thread_blocked, id=5852, stack(0x000000bb91c00000,0x000000bb91d00000)]
  0x000001bd51cdd1c0 JavaThread "Kotlin DSL Writer" [_thread_blocked, id=6956, stack(0x000000bb8de00000,0x000000bb8df00000)]
  0x000001bd527dfac0 JavaThread "Memory manager" [_thread_blocked, id=8344, stack(0x000000bb91f00000,0x000000bb92000000)]
  0x000001bd51ec30e0 JavaThread "included builds" [_thread_blocked, id=692, stack(0x000000bb92000000,0x000000bb92100000)]
  0x000001bd51ebc690 JavaThread "Execution worker" [_thread_blocked, id=3076, stack(0x000000bb92100000,0x000000bb92200000)]
  0x000001bd51ec35f0 JavaThread "Execution worker Thread 2" [_thread_blocked, id=4788, stack(0x000000bb92200000,0x000000bb92300000)]
  0x000001bd51ec21b0 JavaThread "Execution worker Thread 3" [_thread_blocked, id=6124, stack(0x000000bb92300000,0x000000bb92400000)]
  0x000001bd51ebdfe0 JavaThread "Cache worker for execution history cache (C:\Users\DrLalkinstein\IdeaProjects\2\QA_GURU_project_2\.gradle\9.0.0\executionHistory)" [_thread_blocked, id=1584, stack(0x000000bb92400000,0x000000bb92500000)]
  0x000001bd51ec0860 JavaThread "idea-tooling-model-converter" [_thread_blocked, id=2728, stack(0x000000bb92500000,0x000000bb92600000)]
  0x000001bd51ec0d70 JavaThread "Unconstrained build operations Thread 13" [_thread_blocked, id=7828, stack(0x000000bb92700000,0x000000bb92800000)]
  0x000001bd51ebc180 JavaThread "Unconstrained build operations Thread 14" [_thread_blocked, id=12832, stack(0x000000bb92800000,0x000000bb92900000)]
  0x000001bd51ebcba0 JavaThread "Unconstrained build operations Thread 15" [_thread_blocked, id=11872, stack(0x000000bb92900000,0x000000bb92a00000)]
  0x000001bd51ec1790 JavaThread "Unconstrained build operations Thread 16" [_thread_blocked, id=9460, stack(0x000000bb92a00000,0x000000bb92b00000)]
  0x000001bd51ec3b00 JavaThread "Unconstrained build operations Thread 17" [_thread_blocked, id=1800, stack(0x000000bb92b00000,0x000000bb92c00000)]
  0x000001bd51ebd5c0 JavaThread "Unconstrained build operations Thread 18" [_thread_blocked, id=11620, stack(0x000000bb92c00000,0x000000bb92d00000)]
  0x000001bd51ebea00 JavaThread "Unconstrained build operations Thread 19" [_thread_blocked, id=9516, stack(0x000000bb92d00000,0x000000bb92e00000)]
  0x000001bd51ebef10 JavaThread "Unconstrained build operations Thread 20" [_thread_blocked, id=11284, stack(0x000000bb92e00000,0x000000bb92f00000)]
  0x000001bd51ebf420 JavaThread "Unconstrained build operations Thread 21" [_thread_blocked, id=13184, stack(0x000000bb92f00000,0x000000bb93000000)]

Other Threads:
  0x000001bd33211bb0 VMThread "VM Thread" [stack: 0x000000bb8e600000,0x000000bb8e700000] [id=9660]
  0x000001bd33551530 WatcherThread [stack: 0x000000bb8f200000,0x000000bb8f300000] [id=9208]
  0x000001bd17296020 GCTaskThread "GC Thread#0" [stack: 0x000000bb8e100000,0x000000bb8e200000] [id=8392]
  0x000001bd336377e0 GCTaskThread "GC Thread#1" [stack: 0x000000bb8f300000,0x000000bb8f400000] [id=3008]
  0x000001bd33637aa0 GCTaskThread "GC Thread#2" [stack: 0x000000bb8f400000,0x000000bb8f500000] [id=9532]
  0x000001bd33657920 GCTaskThread "GC Thread#3" [stack: 0x000000bb8f500000,0x000000bb8f600000] [id=7676]
  0x000001bd1729ad20 ConcurrentGCThread "G1 Main Marker" [stack: 0x000000bb8e200000,0x000000bb8e300000] [id=5216]
  0x000001bd1729b4e0 ConcurrentGCThread "G1 Conc#0" [stack: 0x000000bb8e300000,0x000000bb8e400000] [id=3340]
  0x000001bd1733e180 ConcurrentGCThread "G1 Refine#0" [stack: 0x000000bb8e400000,0x000000bb8e500000] [id=11292]
  0x000001bd4fa484b0 ConcurrentGCThread "G1 Refine#1" [stack: 0x000000bb91000000,0x000000bb91100000] [id=2596]
  0x000001bd50b26bb0 ConcurrentGCThread "G1 Refine#2" [stack: 0x000000bb91d00000,0x000000bb91e00000] [id=13120]
  0x000001bd50b24290 ConcurrentGCThread "G1 Refine#3" [stack: 0x000000bb8df00000,0x000000bb8e000000] [id=12924]
  0x000001bd1733e960 ConcurrentGCThread "G1 Service" [stack: 0x000000bb8e500000,0x000000bb8e600000] [id=12904]

Threads with active compile tasks:
C2 CompilerThread0   115520 16508       4       org.gradle.internal.logging.text.AbstractLineChoppingStyledTextOutput::doAppend (43 bytes)

VM state: not at safepoint (normal execution)

VM Mutex/Monitor currently owned by a thread: None

OutOfMemory and StackOverflow Exception counts:
StackOverflowErrors=1
LinkageErrors=287

Heap address: 0x00000000e0000000, size: 512 MB, Compressed Oops mode: 32-bit

CDS archive(s) mapped at: [0x000001bd34000000-0x000001bd34bd0000-0x000001bd34bd0000), size 12386304, SharedBaseAddress: 0x000001bd34000000, ArchiveRelocationMode: 1.
Compressed class space mapped at: 0x000001bd35000000-0x000001bd49000000, reserved size: 335544320
Narrow klass base: 0x000001bd34000000, Narrow klass shift: 0, Narrow klass range: 0x100000000

GC Precious Log:
 CPUs: 4 total, 4 available
 Memory: 8104M
 Large Page Support: Disabled
 NUMA Support: Disabled
 Compressed Oops: Enabled (32-bit)
 Heap Region Size: 1M
 Heap Min Capacity: 256M
 Heap Initial Capacity: 256M
 Heap Max Capacity: 512M
 Pre-touch: Disabled
 Parallel Workers: 4
 Concurrent Workers: 1
 Concurrent Refinement Workers: 4
 Periodic GC: Disabled

Heap:
 garbage-first heap   total 299008K, used 209039K [0x00000000e0000000, 0x0000000100000000)
  region size 1024K, 94 young (96256K), 1 survivors (1024K)
 Metaspace       used 140547K, committed 141568K, reserved 458752K
  class space    used 18202K, committed 18688K, reserved 327680K

Heap Regions: E=young(eden), S=young(survivor), O=old, HS=humongous(starts), HC=humongous(continues), CS=collection set, F=free, OA=open archive, CA=closed archive, TAMS=top-at-mark-start (previous, next)
|   0|0x00000000e0000000, 0x00000000e0100000, 0x00000000e0100000|100%|HS|  |TAMS 0x00000000e0100000, 0x00000000e0000000| Complete 
|   1|0x00000000e0100000, 0x00000000e0200000, 0x00000000e0200000|100%|HC|  |TAMS 0x00000000e0200000, 0x00000000e0100000| Complete 
|   2|0x00000000e0200000, 0x00000000e0300000, 0x00000000e0300000|100%|HC|  |TAMS 0x00000000e0300000, 0x00000000e0200000| Complete 
|   3|0x00000000e0300000, 0x00000000e0400000, 0x00000000e0400000|100%| O|  |TAMS 0x00000000e0400000, 0x00000000e0300000| Untracked 
|   4|0x00000000e0400000, 0x00000000e0500000, 0x00000000e0500000|100%| O|  |TAMS 0x00000000e0500000, 0x00000000e0400000| Untracked 
|   5|0x00000000e0500000, 0x00000000e0600000, 0x00000000e0600000|100%| O|  |TAMS 0x00000000e0600000, 0x00000000e0500000| Untracked 
|   6|0x00000000e0600000, 0x00000000e0700000, 0x00000000e0700000|100%| O|  |TAMS 0x00000000e0700000, 0x00000000e0600000| Untracked 
|   7|0x00000000e0700000, 0x00000000e0800000, 0x00000000e0800000|100%|HS|  |TAMS 0x00000000e0800000, 0x00000000e0700000| Complete 
|   8|0x00000000e0800000, 0x00000000e0900000, 0x00000000e0900000|100%|HS|  |TAMS 0x00000000e0900000, 0x00000000e0800000| Complete 
|   9|0x00000000e0900000, 0x00000000e0a00000, 0x00000000e0a00000|100%|HC|  |TAMS 0x00000000e0a00000, 0x00000000e0900000| Complete 
|  10|0x00000000e0a00000, 0x00000000e0b00000, 0x00000000e0b00000|100%| O|  |TAMS 0x00000000e0b00000, 0x00000000e0a00000| Untracked 
|  11|0x00000000e0b00000, 0x00000000e0c00000, 0x00000000e0c00000|100%| O|  |TAMS 0x00000000e0c00000, 0x00000000e0b00000| Untracked 
|  12|0x00000000e0c00000, 0x00000000e0d00000, 0x00000000e0d00000|100%| O|  |TAMS 0x00000000e0d00000, 0x00000000e0c00000| Untracked 
|  13|0x00000000e0d00000, 0x00000000e0e00000, 0x00000000e0e00000|100%| O|  |TAMS 0x00000000e0e00000, 0x00000000e0d00000| Untracked 
|  14|0x00000000e0e00000, 0x00000000e0effff8, 0x00000000e0f00000| 99%| O|  |TAMS 0x00000000e0effff8, 0x00000000e0e00000| Untracked 
|  15|0x00000000e0f00000, 0x00000000e1000000, 0x00000000e1000000|100%| O|  |TAMS 0x00000000e1000000, 0x00000000e0f00000| Untracked 
|  16|0x00000000e1000000, 0x00000000e1100000, 0x00000000e1100000|100%| O|  |TAMS 0x00000000e1100000, 0x00000000e1000000| Untracked 
|  17|0x00000000e1100000, 0x00000000e1200000, 0x00000000e1200000|100%| O|  |TAMS 0x00000000e1200000, 0x00000000e1100000| Untracked 
|  18|0x00000000e1200000, 0x00000000e1300000, 0x00000000e1300000|100%| O|  |TAMS 0x00000000e1300000, 0x00000000e1200000| Untracked 
|  19|0x00000000e1300000, 0x00000000e1400000, 0x00000000e1400000|100%| O|  |TAMS 0x00000000e1400000, 0x00000000e1300000| Untracked 
|  20|0x00000000e1400000, 0x00000000e1500000, 0x00000000e1500000|100%| O|  |TAMS 0x00000000e1500000, 0x00000000e1400000| Untracked 
|  21|0x00000000e1500000, 0x00000000e1600000, 0x00000000e1600000|100%| O|  |TAMS 0x00000000e1600000, 0x00000000e1500000| Untracked 
|  22|0x00000000e1600000, 0x00000000e1700000, 0x00000000e1700000|100%| O|  |TAMS 0x00000000e1700000, 0x00000000e1600000| Untracked 
|  23|0x00000000e1700000, 0x00000000e1800000, 0x00000000e1800000|100%|HS|  |TAMS 0x00000000e1800000, 0x00000000e1700000| Complete 
|  24|0x00000000e1800000, 0x00000000e1900000, 0x00000000e1900000|100%|HC|  |TAMS 0x00000000e1900000, 0x00000000e1800000| Complete 
|  25|0x00000000e1900000, 0x00000000e1a00000, 0x00000000e1a00000|100%|HC|  |TAMS 0x00000000e1a00000, 0x00000000e1900000| Complete 
|  26|0x00000000e1a00000, 0x00000000e1b00000, 0x00000000e1b00000|100%|HC|  |TAMS 0x00000000e1b00000, 0x00000000e1a00000| Complete 
|  27|0x00000000e1b00000, 0x00000000e1c00000, 0x00000000e1c00000|100%|HC|  |TAMS 0x00000000e1c00000, 0x00000000e1b00000| Complete 
|  28|0x00000000e1c00000, 0x00000000e1d00000, 0x00000000e1d00000|100%|HC|  |TAMS 0x00000000e1d00000, 0x00000000e1c00000| Complete 
|  29|0x00000000e1d00000, 0x00000000e1e00000, 0x00000000e1e00000|100%|HS|  |TAMS 0x00000000e1e00000, 0x00000000e1d00000| Complete 
|  30|0x00000000e1e00000, 0x00000000e1f00000, 0x00000000e1f00000|100%|HS|  |TAMS 0x00000000e1f00000, 0x00000000e1e00000| Complete 
|  31|0x00000000e1f00000, 0x00000000e2000000, 0x00000000e2000000|100%|HC|  |TAMS 0x00000000e2000000, 0x00000000e1f00000| Complete 
|  32|0x00000000e2000000, 0x00000000e2100000, 0x00000000e2100000|100%|HC|  |TAMS 0x00000000e2100000, 0x00000000e2000000| Complete 
|  33|0x00000000e2100000, 0x00000000e2200000, 0x00000000e2200000|100%|HC|  |TAMS 0x00000000e2200000, 0x00000000e2100000| Complete 
|  34|0x00000000e2200000, 0x00000000e2300000, 0x00000000e2300000|100%|HC|  |TAMS 0x00000000e2300000, 0x00000000e2200000| Complete 
|  35|0x00000000e2300000, 0x00000000e2400000, 0x00000000e2400000|100%|HC|  |TAMS 0x00000000e2400000, 0x00000000e2300000| Complete 
|  36|0x00000000e2400000, 0x00000000e2500000, 0x00000000e2500000|100%|HS|  |TAMS 0x00000000e2500000, 0x00000000e2400000| Complete 
|  37|0x00000000e2500000, 0x00000000e2600000, 0x00000000e2600000|100%|HC|  |TAMS 0x00000000e2600000, 0x00000000e2500000| Complete 
|  38|0x00000000e2600000, 0x00000000e2700000, 0x00000000e2700000|100%|HS|  |TAMS 0x00000000e2700000, 0x00000000e2600000| Complete 
|  39|0x00000000e2700000, 0x00000000e2800000, 0x00000000e2800000|100%|HS|  |TAMS 0x00000000e2800000, 0x00000000e2700000| Complete 
|  40|0x00000000e2800000, 0x00000000e2900000, 0x00000000e2900000|100%|HC|  |TAMS 0x00000000e2900000, 0x00000000e2800000| Complete 
|  41|0x00000000e2900000, 0x00000000e2a00000, 0x00000000e2a00000|100%| O|  |TAMS 0x00000000e2a00000, 0x00000000e2900000| Untracked 
|  42|0x00000000e2a00000, 0x00000000e2b00000, 0x00000000e2b00000|100%| O|  |TAMS 0x00000000e2b00000, 0x00000000e2a00000| Untracked 
|  43|0x00000000e2b00000, 0x00000000e2c00000, 0x00000000e2c00000|100%| O|  |TAMS 0x00000000e2c00000, 0x00000000e2b00000| Untracked 
|  44|0x00000000e2c00000, 0x00000000e2d00000, 0x00000000e2d00000|100%| O|  |TAMS 0x00000000e2d00000, 0x00000000e2c00000| Untracked 
|  45|0x00000000e2d00000, 0x00000000e2e00000, 0x00000000e2e00000|100%| O|  |TAMS 0x00000000e2e00000, 0x00000000e2d00000| Untracked 
|  46|0x00000000e2e00000, 0x00000000e2f00000, 0x00000000e2f00000|100%| O|  |TAMS 0x00000000e2f00000, 0x00000000e2e00000| Untracked 
|  47|0x00000000e2f00000, 0x00000000e3000000, 0x00000000e3000000|100%| O|  |TAMS 0x00000000e3000000, 0x00000000e2f00000| Untracked 
|  48|0x00000000e3000000, 0x00000000e3100000, 0x00000000e3100000|100%| O|  |TAMS 0x00000000e3100000, 0x00000000e3000000| Untracked 
|  49|0x00000000e3100000, 0x00000000e3200000, 0x00000000e3200000|100%| O|  |TAMS 0x00000000e3200000, 0x00000000e3100000| Untracked 
|  50|0x00000000e3200000, 0x00000000e3300000, 0x00000000e3300000|100%| O|  |TAMS 0x00000000e3300000, 0x00000000e3200000| Untracked 
|  51|0x00000000e3300000, 0x00000000e3400000, 0x00000000e3400000|100%| O|  |TAMS 0x00000000e3400000, 0x00000000e3300000| Untracked 
|  52|0x00000000e3400000, 0x00000000e3500000, 0x00000000e3500000|100%| O|  |TAMS 0x00000000e3500000, 0x00000000e3400000| Untracked 
|  53|0x00000000e3500000, 0x00000000e3600000, 0x00000000e3600000|100%| O|  |TAMS 0x00000000e3600000, 0x00000000e3500000| Untracked 
|  54|0x00000000e3600000, 0x00000000e3700000, 0x00000000e3700000|100%| O|  |TAMS 0x00000000e3700000, 0x00000000e3600000| Untracked 
|  55|0x00000000e3700000, 0x00000000e3800000, 0x00000000e3800000|100%| O|  |TAMS 0x00000000e3800000, 0x00000000e3700000| Untracked 
|  56|0x00000000e3800000, 0x00000000e3900000, 0x00000000e3900000|100%| O|  |TAMS 0x00000000e3900000, 0x00000000e3800000| Untracked 
|  57|0x00000000e3900000, 0x00000000e3a00000, 0x00000000e3a00000|100%| O|  |TAMS 0x00000000e3a00000, 0x00000000e3900000| Untracked 
|  58|0x00000000e3a00000, 0x00000000e3b00000, 0x00000000e3b00000|100%| O|  |TAMS 0x00000000e3b00000, 0x00000000e3a00000| Untracked 
|  59|0x00000000e3b00000, 0x00000000e3c00000, 0x00000000e3c00000|100%| O|  |TAMS 0x00000000e3b00000, 0x00000000e3b00000| Untracked 
|  60|0x00000000e3c00000, 0x00000000e3d00000, 0x00000000e3d00000|100%| O|  |TAMS 0x00000000e3d00000, 0x00000000e3c00000| Untracked 
|  61|0x00000000e3d00000, 0x00000000e3e00000, 0x00000000e3e00000|100%| O|  |TAMS 0x00000000e3e00000, 0x00000000e3d00000| Untracked 
|  62|0x00000000e3e00000, 0x00000000e3f00000, 0x00000000e3f00000|100%| O|  |TAMS 0x00000000e3e00000, 0x00000000e3e00000| Untracked 
|  63|0x00000000e3f00000, 0x00000000e4000000, 0x00000000e4000000|100%| O|  |TAMS 0x00000000e3f00000, 0x00000000e3f00000| Untracked 
|  64|0x00000000e4000000, 0x00000000e4100000, 0x00000000e4100000|100%| O|  |TAMS 0x00000000e4000000, 0x00000000e4000000| Untracked 
|  65|0x00000000e4100000, 0x00000000e4200000, 0x00000000e4200000|100%|HS|  |TAMS 0x00000000e4200000, 0x00000000e4100000| Complete 
|  66|0x00000000e4200000, 0x00000000e4300000, 0x00000000e4300000|100%|HC|  |TAMS 0x00000000e4300000, 0x00000000e4200000| Complete 
|  67|0x00000000e4300000, 0x00000000e4400000, 0x00000000e4400000|100%| O|  |TAMS 0x00000000e4400000, 0x00000000e4300000| Untracked 
|  68|0x00000000e4400000, 0x00000000e4400000, 0x00000000e4500000|  0%| F|  |TAMS 0x00000000e4400000, 0x00000000e4400000| Untracked 
|  69|0x00000000e4500000, 0x00000000e4500000, 0x00000000e4600000|  0%| F|  |TAMS 0x00000000e4500000, 0x00000000e4500000| Untracked 
|  70|0x00000000e4600000, 0x00000000e4600000, 0x00000000e4700000|  0%| F|  |TAMS 0x00000000e4600000, 0x00000000e4600000| Untracked 
|  71|0x00000000e4700000, 0x00000000e4700000, 0x00000000e4800000|  0%| F|  |TAMS 0x00000000e4700000, 0x00000000e4700000| Untracked 
|  72|0x00000000e4800000, 0x00000000e4900000, 0x00000000e4900000|100%| O|  |TAMS 0x00000000e4900000, 0x00000000e4800000| Untracked 
|  73|0x00000000e4900000, 0x00000000e4a00000, 0x00000000e4a00000|100%| O|  |TAMS 0x00000000e4a00000, 0x00000000e4900000| Untracked 
|  74|0x00000000e4a00000, 0x00000000e4b00000, 0x00000000e4b00000|100%| O|  |TAMS 0x00000000e4b00000, 0x00000000e4a00000| Untracked 
|  75|0x00000000e4b00000, 0x00000000e4c00000, 0x00000000e4c00000|100%| O|  |TAMS 0x00000000e4c00000, 0x00000000e4b00000| Untracked 
|  76|0x00000000e4c00000, 0x00000000e4d00000, 0x00000000e4d00000|100%| O|  |TAMS 0x00000000e4d00000, 0x00000000e4c00000| Untracked 
|  77|0x00000000e4d00000, 0x00000000e4e00000, 0x00000000e4e00000|100%| O|  |TAMS 0x00000000e4e00000, 0x00000000e4d00000| Untracked 
|  78|0x00000000e4e00000, 0x00000000e4f00000, 0x00000000e4f00000|100%| O|  |TAMS 0x00000000e4f00000, 0x00000000e4e00000| Untracked 
|  79|0x00000000e4f00000, 0x00000000e4f00000, 0x00000000e5000000|  0%| F|  |TAMS 0x00000000e4f00000, 0x00000000e4f00000| Untracked 
|  80|0x00000000e5000000, 0x00000000e5100000, 0x00000000e5100000|100%| O|  |TAMS 0x00000000e5000000, 0x00000000e5000000| Untracked 
|  81|0x00000000e5100000, 0x00000000e5100000, 0x00000000e5200000|  0%| F|  |TAMS 0x00000000e5100000, 0x00000000e5100000| Untracked 
|  82|0x00000000e5200000, 0x00000000e5300000, 0x00000000e5300000|100%| O|  |TAMS 0x00000000e5200000, 0x00000000e5200000| Untracked 
|  83|0x00000000e5300000, 0x00000000e5364200, 0x00000000e5400000| 39%| O|  |TAMS 0x00000000e5300000, 0x00000000e5300000| Untracked 
|  84|0x00000000e5400000, 0x00000000e5400000, 0x00000000e5500000|  0%| F|  |TAMS 0x00000000e5400000, 0x00000000e5400000| Untracked 
|  85|0x00000000e5500000, 0x00000000e5500000, 0x00000000e5600000|  0%| F|  |TAMS 0x00000000e5500000, 0x00000000e5500000| Untracked 
|  86|0x00000000e5600000, 0x00000000e5600000, 0x00000000e5700000|  0%| F|  |TAMS 0x00000000e5600000, 0x00000000e5600000| Untracked 
|  87|0x00000000e5700000, 0x00000000e5700000, 0x00000000e5800000|  0%| F|  |TAMS 0x00000000e5700000, 0x00000000e5700000| Untracked 
|  88|0x00000000e5800000, 0x00000000e5800000, 0x00000000e5900000|  0%| F|  |TAMS 0x00000000e5800000, 0x00000000e5800000| Untracked 
|  89|0x00000000e5900000, 0x00000000e5900000, 0x00000000e5a00000|  0%| F|  |TAMS 0x00000000e5900000, 0x00000000e5900000| Untracked 
|  90|0x00000000e5a00000, 0x00000000e5b00000, 0x00000000e5b00000|100%| O|  |TAMS 0x00000000e5b00000, 0x00000000e5a00000| Untracked 
|  91|0x00000000e5b00000, 0x00000000e5c00000, 0x00000000e5c00000|100%| O|  |TAMS 0x00000000e5c00000, 0x00000000e5b00000| Untracked 
|  92|0x00000000e5c00000, 0x00000000e5d00000, 0x00000000e5d00000|100%|HS|  |TAMS 0x00000000e5c00000, 0x00000000e5c00000| Complete 
|  93|0x00000000e5d00000, 0x00000000e5e00000, 0x00000000e5e00000|100%|HC|  |TAMS 0x00000000e5d00000, 0x00000000e5d00000| Complete 
|  94|0x00000000e5e00000, 0x00000000e5f00000, 0x00000000e5f00000|100%|HC|  |TAMS 0x00000000e5e00000, 0x00000000e5e00000| Complete 
|  95|0x00000000e5f00000, 0x00000000e6000000, 0x00000000e6000000|100%|HC|  |TAMS 0x00000000e5f00000, 0x00000000e5f00000| Complete 
|  96|0x00000000e6000000, 0x00000000e6100000, 0x00000000e6100000|100%|HC|  |TAMS 0x00000000e6000000, 0x00000000e6000000| Complete 
|  97|0x00000000e6100000, 0x00000000e6200000, 0x00000000e6200000|100%|HC|  |TAMS 0x00000000e6100000, 0x00000000e6100000| Complete 
|  98|0x00000000e6200000, 0x00000000e6300000, 0x00000000e6300000|100%|HC|  |TAMS 0x00000000e6200000, 0x00000000e6200000| Complete 
|  99|0x00000000e6300000, 0x00000000e6300000, 0x00000000e6400000|  0%| F|  |TAMS 0x00000000e6300000, 0x00000000e6300000| Untracked 
| 100|0x00000000e6400000, 0x00000000e6400000, 0x00000000e6500000|  0%| F|  |TAMS 0x00000000e6400000, 0x00000000e6400000| Untracked 
| 101|0x00000000e6500000, 0x00000000e6500000, 0x00000000e6600000|  0%| F|  |TAMS 0x00000000e6500000, 0x00000000e6500000| Untracked 
| 102|0x00000000e6600000, 0x00000000e6600000, 0x00000000e6700000|  0%| F|  |TAMS 0x00000000e6600000, 0x00000000e6600000| Untracked 
| 103|0x00000000e6700000, 0x00000000e6800000, 0x00000000e6800000|100%| O|  |TAMS 0x00000000e6800000, 0x00000000e6700000| Untracked 
| 104|0x00000000e6800000, 0x00000000e6800000, 0x00000000e6900000|  0%| F|  |TAMS 0x00000000e6800000, 0x00000000e6800000| Untracked 
| 105|0x00000000e6900000, 0x00000000e6900000, 0x00000000e6a00000|  0%| F|  |TAMS 0x00000000e6900000, 0x00000000e6900000| Untracked 
| 106|0x00000000e6a00000, 0x00000000e6b00000, 0x00000000e6b00000|100%| O|  |TAMS 0x00000000e6b00000, 0x00000000e6a00000| Untracked 
| 107|0x00000000e6b00000, 0x00000000e6b00000, 0x00000000e6c00000|  0%| F|  |TAMS 0x00000000e6b00000, 0x00000000e6b00000| Untracked 
| 108|0x00000000e6c00000, 0x00000000e6c00000, 0x00000000e6d00000|  0%| F|  |TAMS 0x00000000e6c00000, 0x00000000e6c00000| Untracked 
| 109|0x00000000e6d00000, 0x00000000e6d00000, 0x00000000e6e00000|  0%| F|  |TAMS 0x00000000e6d00000, 0x00000000e6d00000| Untracked 
| 110|0x00000000e6e00000, 0x00000000e6e00000, 0x00000000e6f00000|  0%| F|  |TAMS 0x00000000e6e00000, 0x00000000e6e00000| Untracked 
| 111|0x00000000e6f00000, 0x00000000e6f00000, 0x00000000e7000000|  0%| F|  |TAMS 0x00000000e6f00000, 0x00000000e6f00000| Untracked 
| 112|0x00000000e7000000, 0x00000000e7100000, 0x00000000e7100000|100%| O|  |TAMS 0x00000000e7100000, 0x00000000e7000000| Untracked 
| 113|0x00000000e7100000, 0x00000000e7200000, 0x00000000e7200000|100%| O|  |TAMS 0x00000000e7200000, 0x00000000e7100000| Untracked 
| 114|0x00000000e7200000, 0x00000000e7200000, 0x00000000e7300000|  0%| F|  |TAMS 0x00000000e7200000, 0x00000000e7200000| Untracked 
| 115|0x00000000e7300000, 0x00000000e7400000, 0x00000000e7400000|100%| O|  |TAMS 0x00000000e7400000, 0x00000000e7300000| Untracked 
| 116|0x00000000e7400000, 0x00000000e7400000, 0x00000000e7500000|  0%| F|  |TAMS 0x00000000e7400000, 0x00000000e7400000| Untracked 
| 117|0x00000000e7500000, 0x00000000e7500000, 0x00000000e7600000|  0%| F|  |TAMS 0x00000000e7500000, 0x00000000e7500000| Untracked 
| 118|0x00000000e7600000, 0x00000000e7600000, 0x00000000e7700000|  0%| F|  |TAMS 0x00000000e7600000, 0x00000000e7600000| Untracked 
| 119|0x00000000e7700000, 0x00000000e7700000, 0x00000000e7800000|  0%| F|  |TAMS 0x00000000e7700000, 0x00000000e7700000| Untracked 
| 120|0x00000000e7800000, 0x00000000e7800000, 0x00000000e7900000|  0%| F|  |TAMS 0x00000000e7800000, 0x00000000e7800000| Untracked 
| 121|0x00000000e7900000, 0x00000000e7900000, 0x00000000e7a00000|  0%| F|  |TAMS 0x00000000e7900000, 0x00000000e7900000| Untracked 
| 122|0x00000000e7a00000, 0x00000000e7a00000, 0x00000000e7b00000|  0%| F|  |TAMS 0x00000000e7a00000, 0x00000000e7a00000| Untracked 
| 123|0x00000000e7b00000, 0x00000000e7b00000, 0x00000000e7c00000|  0%| F|  |TAMS 0x00000000e7b00000, 0x00000000e7b00000| Untracked 
| 124|0x00000000e7c00000, 0x00000000e7d00000, 0x00000000e7d00000|100%| O|  |TAMS 0x00000000e7d00000, 0x00000000e7c00000| Untracked 
| 125|0x00000000e7d00000, 0x00000000e7e00000, 0x00000000e7e00000|100%| O|  |TAMS 0x00000000e7e00000, 0x00000000e7d00000| Untracked 
| 126|0x00000000e7e00000, 0x00000000e7f00000, 0x00000000e7f00000|100%| O|  |TAMS 0x00000000e7f00000, 0x00000000e7e00000| Untracked 
| 127|0x00000000e7f00000, 0x00000000e8000000, 0x00000000e8000000|100%| O|  |TAMS 0x00000000e8000000, 0x00000000e7f00000| Untracked 
| 128|0x00000000e8000000, 0x00000000e8100000, 0x00000000e8100000|100%| O|  |TAMS 0x00000000e8100000, 0x00000000e8000000| Untracked 
| 129|0x00000000e8100000, 0x00000000e8200000, 0x00000000e8200000|100%| O|  |TAMS 0x00000000e8200000, 0x00000000e8100000| Untracked 
| 130|0x00000000e8200000, 0x00000000e8300000, 0x00000000e8300000|100%| O|  |TAMS 0x00000000e8300000, 0x00000000e8200000| Untracked 
| 131|0x00000000e8300000, 0x00000000e8400000, 0x00000000e8400000|100%| O|  |TAMS 0x00000000e8380000, 0x00000000e8300000| Untracked 
| 132|0x00000000e8400000, 0x00000000e8400000, 0x00000000e8500000|  0%| F|  |TAMS 0x00000000e8400000, 0x00000000e8400000| Untracked 
| 133|0x00000000e8500000, 0x00000000e8500000, 0x00000000e8600000|  0%| F|  |TAMS 0x00000000e8500000, 0x00000000e8500000| Untracked 
| 134|0x00000000e8600000, 0x00000000e8600000, 0x00000000e8700000|  0%| F|  |TAMS 0x00000000e8600000, 0x00000000e8600000| Untracked 
| 135|0x00000000e8700000, 0x00000000e8700000, 0x00000000e8800000|  0%| F|  |TAMS 0x00000000e8700000, 0x00000000e8700000| Untracked 
| 136|0x00000000e8800000, 0x00000000e8800000, 0x00000000e8900000|  0%| F|  |TAMS 0x00000000e8800000, 0x00000000e8800000| Untracked 
| 137|0x00000000e8900000, 0x00000000e8a00000, 0x00000000e8a00000|100%| O|  |TAMS 0x00000000e8a00000, 0x00000000e8900000| Untracked 
| 138|0x00000000e8a00000, 0x00000000e8b00000, 0x00000000e8b00000|100%| O|  |TAMS 0x00000000e8b00000, 0x00000000e8a00000| Untracked 
| 139|0x00000000e8b00000, 0x00000000e8c00000, 0x00000000e8c00000|100%| O|  |TAMS 0x00000000e8c00000, 0x00000000e8b00000| Untracked 
| 140|0x00000000e8c00000, 0x00000000e8d00000, 0x00000000e8d00000|100%| O|  |TAMS 0x00000000e8d00000, 0x00000000e8c00000| Untracked 
| 141|0x00000000e8d00000, 0x00000000e8d00000, 0x00000000e8e00000|  0%| F|  |TAMS 0x00000000e8d00000, 0x00000000e8d00000| Untracked 
| 142|0x00000000e8e00000, 0x00000000e8e00000, 0x00000000e8f00000|  0%| F|  |TAMS 0x00000000e8e00000, 0x00000000e8e00000| Untracked 
| 143|0x00000000e8f00000, 0x00000000e8f00000, 0x00000000e9000000|  0%| F|  |TAMS 0x00000000e8f00000, 0x00000000e8f00000| Untracked 
| 144|0x00000000e9000000, 0x00000000e9000000, 0x00000000e9100000|  0%| F|  |TAMS 0x00000000e9000000, 0x00000000e9000000| Untracked 
| 145|0x00000000e9100000, 0x00000000e9200000, 0x00000000e9200000|100%| O|  |TAMS 0x00000000e9200000, 0x00000000e9100000| Untracked 
| 146|0x00000000e9200000, 0x00000000e9300000, 0x00000000e9300000|100%| O|  |TAMS 0x00000000e9300000, 0x00000000e9200000| Untracked 
| 147|0x00000000e9300000, 0x00000000e9400000, 0x00000000e9400000|100%| O|  |TAMS 0x00000000e9400000, 0x00000000e9300000| Untracked 
| 148|0x00000000e9400000, 0x00000000e9500000, 0x00000000e9500000|100%| O|  |TAMS 0x00000000e9500000, 0x00000000e9400000| Untracked 
| 149|0x00000000e9500000, 0x00000000e9500000, 0x00000000e9600000|  0%| F|  |TAMS 0x00000000e9500000, 0x00000000e9500000| Untracked 
| 150|0x00000000e9600000, 0x00000000e9600000, 0x00000000e9700000|  0%| F|  |TAMS 0x00000000e9600000, 0x00000000e9600000| Untracked 
| 151|0x00000000e9700000, 0x00000000e9700000, 0x00000000e9800000|  0%| F|  |TAMS 0x00000000e9700000, 0x00000000e9700000| Untracked 
| 152|0x00000000e9800000, 0x00000000e9800000, 0x00000000e9900000|  0%| F|  |TAMS 0x00000000e9800000, 0x00000000e9800000| Untracked 
| 153|0x00000000e9900000, 0x00000000e9900000, 0x00000000e9a00000|  0%| F|  |TAMS 0x00000000e9900000, 0x00000000e9900000| Untracked 
| 154|0x00000000e9a00000, 0x00000000e9a00000, 0x00000000e9b00000|  0%| F|  |TAMS 0x00000000e9a00000, 0x00000000e9a00000| Untracked 
| 155|0x00000000e9b00000, 0x00000000e9c00000, 0x00000000e9c00000|100%| O|  |TAMS 0x00000000e9c00000, 0x00000000e9b00000| Untracked 
| 156|0x00000000e9c00000, 0x00000000e9c00000, 0x00000000e9d00000|  0%| F|  |TAMS 0x00000000e9c00000, 0x00000000e9c00000| Untracked 
| 157|0x00000000e9d00000, 0x00000000e9e00000, 0x00000000e9e00000|100%| O|  |TAMS 0x00000000e9e00000, 0x00000000e9d00000| Untracked 
| 158|0x00000000e9e00000, 0x00000000e9e00000, 0x00000000e9f00000|  0%| F|  |TAMS 0x00000000e9e00000, 0x00000000e9e00000| Untracked 
| 159|0x00000000e9f00000, 0x00000000ea000000, 0x00000000ea000000|100%| O|  |TAMS 0x00000000ea000000, 0x00000000e9f00000| Untracked 
| 160|0x00000000ea000000, 0x00000000ea000000, 0x00000000ea100000|  0%| F|  |TAMS 0x00000000ea000000, 0x00000000ea000000| Untracked 
| 161|0x00000000ea100000, 0x00000000ea100000, 0x00000000ea200000|  0%| F|  |TAMS 0x00000000ea100000, 0x00000000ea100000| Untracked 
| 162|0x00000000ea200000, 0x00000000ea200000, 0x00000000ea300000|  0%| F|  |TAMS 0x00000000ea200000, 0x00000000ea200000| Untracked 
| 163|0x00000000ea300000, 0x00000000ea400000, 0x00000000ea400000|100%| O|  |TAMS 0x00000000ea400000, 0x00000000ea300000| Untracked 
| 164|0x00000000ea400000, 0x00000000ea400000, 0x00000000ea500000|  0%| F|  |TAMS 0x00000000ea400000, 0x00000000ea400000| Untracked 
| 165|0x00000000ea500000, 0x00000000ea500000, 0x00000000ea600000|  0%| F|  |TAMS 0x00000000ea500000, 0x00000000ea500000| Untracked 
| 166|0x00000000ea600000, 0x00000000ea600000, 0x00000000ea700000|  0%| F|  |TAMS 0x00000000ea600000, 0x00000000ea600000| Untracked 
| 167|0x00000000ea700000, 0x00000000ea700000, 0x00000000ea800000|  0%| F|  |TAMS 0x00000000ea700000, 0x00000000ea700000| Untracked 
| 168|0x00000000ea800000, 0x00000000ea800000, 0x00000000ea900000|  0%| F|  |TAMS 0x00000000ea800000, 0x00000000ea800000| Untracked 
| 169|0x00000000ea900000, 0x00000000ea900000, 0x00000000eaa00000|  0%| F|  |TAMS 0x00000000ea900000, 0x00000000ea900000| Untracked 
| 170|0x00000000eaa00000, 0x00000000eaa00000, 0x00000000eab00000|  0%| F|  |TAMS 0x00000000eaa00000, 0x00000000eaa00000| Untracked 
| 171|0x00000000eab00000, 0x00000000eab00000, 0x00000000eac00000|  0%| F|  |TAMS 0x00000000eab00000, 0x00000000eab00000| Untracked 
| 172|0x00000000eac00000, 0x00000000eac00000, 0x00000000ead00000|  0%| F|  |TAMS 0x00000000eac00000, 0x00000000eac00000| Untracked 
| 173|0x00000000ead00000, 0x00000000ead00000, 0x00000000eae00000|  0%| F|  |TAMS 0x00000000ead00000, 0x00000000ead00000| Untracked 
| 174|0x00000000eae00000, 0x00000000eae00000, 0x00000000eaf00000|  0%| F|  |TAMS 0x00000000eae00000, 0x00000000eae00000| Untracked 
| 175|0x00000000eaf00000, 0x00000000eaf00000, 0x00000000eb000000|  0%| F|  |TAMS 0x00000000eaf00000, 0x00000000eaf00000| Untracked 
| 176|0x00000000eb000000, 0x00000000eb000000, 0x00000000eb100000|  0%| F|  |TAMS 0x00000000eb000000, 0x00000000eb000000| Untracked 
| 177|0x00000000eb100000, 0x00000000eb100000, 0x00000000eb200000|  0%| F|  |TAMS 0x00000000eb100000, 0x00000000eb100000| Untracked 
| 178|0x00000000eb200000, 0x00000000eb200000, 0x00000000eb300000|  0%| F|  |TAMS 0x00000000eb200000, 0x00000000eb200000| Untracked 
| 179|0x00000000eb300000, 0x00000000eb300000, 0x00000000eb400000|  0%| F|  |TAMS 0x00000000eb300000, 0x00000000eb300000| Untracked 
| 180|0x00000000eb400000, 0x00000000eb400000, 0x00000000eb500000|  0%| F|  |TAMS 0x00000000eb400000, 0x00000000eb400000| Untracked 
| 181|0x00000000eb500000, 0x00000000eb500000, 0x00000000eb600000|  0%| F|  |TAMS 0x00000000eb500000, 0x00000000eb500000| Untracked 
| 182|0x00000000eb600000, 0x00000000eb600000, 0x00000000eb700000|  0%| F|  |TAMS 0x00000000eb600000, 0x00000000eb600000| Untracked 
| 183|0x00000000eb700000, 0x00000000eb700000, 0x00000000eb800000|  0%| F|  |TAMS 0x00000000eb700000, 0x00000000eb700000| Untracked 
| 184|0x00000000eb800000, 0x00000000eb800000, 0x00000000eb900000|  0%| F|  |TAMS 0x00000000eb800000, 0x00000000eb800000| Untracked 
| 185|0x00000000eb900000, 0x00000000eb900000, 0x00000000eba00000|  0%| F|  |TAMS 0x00000000eb900000, 0x00000000eb900000| Untracked 
| 186|0x00000000eba00000, 0x00000000eba00000, 0x00000000ebb00000|  0%| F|  |TAMS 0x00000000eba00000, 0x00000000eba00000| Untracked 
| 187|0x00000000ebb00000, 0x00000000ebb00000, 0x00000000ebc00000|  0%| F|  |TAMS 0x00000000ebb00000, 0x00000000ebb00000| Untracked 
| 188|0x00000000ebc00000, 0x00000000ebc00000, 0x00000000ebd00000|  0%| F|  |TAMS 0x00000000ebc00000, 0x00000000ebc00000| Untracked 
| 189|0x00000000ebd00000, 0x00000000ebd00000, 0x00000000ebe00000|  0%| F|  |TAMS 0x00000000ebd00000, 0x00000000ebd00000| Untracked 
| 190|0x00000000ebe00000, 0x00000000ebe00000, 0x00000000ebf00000|  0%| F|  |TAMS 0x00000000ebe00000, 0x00000000ebe00000| Untracked 
| 191|0x00000000ebf00000, 0x00000000ebf00000, 0x00000000ec000000|  0%| F|  |TAMS 0x00000000ebf00000, 0x00000000ebf00000| Untracked 
| 192|0x00000000ec000000, 0x00000000ec000000, 0x00000000ec100000|  0%| F|  |TAMS 0x00000000ec000000, 0x00000000ec000000| Untracked 
| 193|0x00000000ec100000, 0x00000000ec100000, 0x00000000ec200000|  0%| F|  |TAMS 0x00000000ec100000, 0x00000000ec100000| Untracked 
| 194|0x00000000ec200000, 0x00000000ec200000, 0x00000000ec300000|  0%| F|  |TAMS 0x00000000ec200000, 0x00000000ec200000| Untracked 
| 195|0x00000000ec300000, 0x00000000ec300000, 0x00000000ec400000|  0%| F|  |TAMS 0x00000000ec300000, 0x00000000ec300000| Untracked 
| 196|0x00000000ec400000, 0x00000000ec400000, 0x00000000ec500000|  0%| F|  |TAMS 0x00000000ec400000, 0x00000000ec400000| Untracked 
| 197|0x00000000ec500000, 0x00000000ec500000, 0x00000000ec600000|  0%| F|  |TAMS 0x00000000ec500000, 0x00000000ec500000| Untracked 
| 198|0x00000000ec600000, 0x00000000ec600800, 0x00000000ec700000|  0%| E|  |TAMS 0x00000000ec600000, 0x00000000ec600000| Complete 
| 199|0x00000000ec700000, 0x00000000ec800000, 0x00000000ec800000|100%| E|CS|TAMS 0x00000000ec700000, 0x00000000ec700000| Complete 
| 200|0x00000000ec800000, 0x00000000ec900000, 0x00000000ec900000|100%| E|CS|TAMS 0x00000000ec800000, 0x00000000ec800000| Complete 
| 201|0x00000000ec900000, 0x00000000eca00000, 0x00000000eca00000|100%| E|CS|TAMS 0x00000000ec900000, 0x00000000ec900000| Complete 
| 202|0x00000000eca00000, 0x00000000ecb00000, 0x00000000ecb00000|100%| E|CS|TAMS 0x00000000eca00000, 0x00000000eca00000| Complete 
| 203|0x00000000ecb00000, 0x00000000ecc00000, 0x00000000ecc00000|100%| E|CS|TAMS 0x00000000ecb00000, 0x00000000ecb00000| Complete 
| 204|0x00000000ecc00000, 0x00000000ecd00000, 0x00000000ecd00000|100%| E|CS|TAMS 0x00000000ecc00000, 0x00000000ecc00000| Complete 
| 205|0x00000000ecd00000, 0x00000000ece00000, 0x00000000ece00000|100%| E|CS|TAMS 0x00000000ecd00000, 0x00000000ecd00000| Complete 
| 206|0x00000000ece00000, 0x00000000ecf00000, 0x00000000ecf00000|100%| E|CS|TAMS 0x00000000ece00000, 0x00000000ece00000| Complete 
| 207|0x00000000ecf00000, 0x00000000ed000000, 0x00000000ed000000|100%| E|CS|TAMS 0x00000000ecf00000, 0x00000000ecf00000| Complete 
| 208|0x00000000ed000000, 0x00000000ed100000, 0x00000000ed100000|100%| E|CS|TAMS 0x00000000ed000000, 0x00000000ed000000| Complete 
| 209|0x00000000ed100000, 0x00000000ed200000, 0x00000000ed200000|100%| E|CS|TAMS 0x00000000ed100000, 0x00000000ed100000| Complete 
| 210|0x00000000ed200000, 0x00000000ed300000, 0x00000000ed300000|100%| E|CS|TAMS 0x00000000ed200000, 0x00000000ed200000| Complete 
| 211|0x00000000ed300000, 0x00000000ed400000, 0x00000000ed400000|100%| E|CS|TAMS 0x00000000ed300000, 0x00000000ed300000| Complete 
| 212|0x00000000ed400000, 0x00000000ed500000, 0x00000000ed500000|100%| E|CS|TAMS 0x00000000ed400000, 0x00000000ed400000| Complete 
| 213|0x00000000ed500000, 0x00000000ed600000, 0x00000000ed600000|100%| E|CS|TAMS 0x00000000ed500000, 0x00000000ed500000| Complete 
| 214|0x00000000ed600000, 0x00000000ed700000, 0x00000000ed700000|100%| E|CS|TAMS 0x00000000ed600000, 0x00000000ed600000| Complete 
| 215|0x00000000ed700000, 0x00000000ed800000, 0x00000000ed800000|100%| E|CS|TAMS 0x00000000ed700000, 0x00000000ed700000| Complete 
| 216|0x00000000ed800000, 0x00000000ed900000, 0x00000000ed900000|100%| E|CS|TAMS 0x00000000ed800000, 0x00000000ed800000| Complete 
| 217|0x00000000ed900000, 0x00000000eda00000, 0x00000000eda00000|100%| E|CS|TAMS 0x00000000ed900000, 0x00000000ed900000| Complete 
| 218|0x00000000eda00000, 0x00000000edb00000, 0x00000000edb00000|100%| E|CS|TAMS 0x00000000eda00000, 0x00000000eda00000| Complete 
| 219|0x00000000edb00000, 0x00000000edc00000, 0x00000000edc00000|100%| E|CS|TAMS 0x00000000edb00000, 0x00000000edb00000| Complete 
| 220|0x00000000edc00000, 0x00000000edd00000, 0x00000000edd00000|100%| E|CS|TAMS 0x00000000edc00000, 0x00000000edc00000| Complete 
| 221|0x00000000edd00000, 0x00000000ede00000, 0x00000000ede00000|100%| E|CS|TAMS 0x00000000edd00000, 0x00000000edd00000| Complete 
| 222|0x00000000ede00000, 0x00000000edf00000, 0x00000000edf00000|100%| E|CS|TAMS 0x00000000ede00000, 0x00000000ede00000| Complete 
| 223|0x00000000edf00000, 0x00000000ee000000, 0x00000000ee000000|100%| E|CS|TAMS 0x00000000edf00000, 0x00000000edf00000| Complete 
| 224|0x00000000ee000000, 0x00000000ee100000, 0x00000000ee100000|100%| E|CS|TAMS 0x00000000ee000000, 0x00000000ee000000| Complete 
| 225|0x00000000ee100000, 0x00000000ee200000, 0x00000000ee200000|100%| E|CS|TAMS 0x00000000ee100000, 0x00000000ee100000| Complete 
| 226|0x00000000ee200000, 0x00000000ee300000, 0x00000000ee300000|100%| E|CS|TAMS 0x00000000ee200000, 0x00000000ee200000| Complete 
| 227|0x00000000ee300000, 0x00000000ee400000, 0x00000000ee400000|100%| E|CS|TAMS 0x00000000ee300000, 0x00000000ee300000| Complete 
| 228|0x00000000ee400000, 0x00000000ee500000, 0x00000000ee500000|100%| E|CS|TAMS 0x00000000ee400000, 0x00000000ee400000| Complete 
| 229|0x00000000ee500000, 0x00000000ee600000, 0x00000000ee600000|100%| E|CS|TAMS 0x00000000ee500000, 0x00000000ee500000| Complete 
| 230|0x00000000ee600000, 0x00000000ee700000, 0x00000000ee700000|100%| E|CS|TAMS 0x00000000ee600000, 0x00000000ee600000| Complete 
| 231|0x00000000ee700000, 0x00000000ee800000, 0x00000000ee800000|100%| E|CS|TAMS 0x00000000ee700000, 0x00000000ee700000| Complete 
| 232|0x00000000ee800000, 0x00000000ee900000, 0x00000000ee900000|100%| E|CS|TAMS 0x00000000ee800000, 0x00000000ee800000| Complete 
| 233|0x00000000ee900000, 0x00000000eea00000, 0x00000000eea00000|100%| E|CS|TAMS 0x00000000ee900000, 0x00000000ee900000| Complete 
| 234|0x00000000eea00000, 0x00000000eeb00000, 0x00000000eeb00000|100%| E|CS|TAMS 0x00000000eea00000, 0x00000000eea00000| Complete 
| 235|0x00000000eeb00000, 0x00000000eec00000, 0x00000000eec00000|100%| E|CS|TAMS 0x00000000eeb00000, 0x00000000eeb00000| Complete 
| 236|0x00000000eec00000, 0x00000000eed00000, 0x00000000eed00000|100%| E|CS|TAMS 0x00000000eec00000, 0x00000000eec00000| Complete 
| 237|0x00000000eed00000, 0x00000000eee00000, 0x00000000eee00000|100%| E|CS|TAMS 0x00000000eed00000, 0x00000000eed00000| Complete 
| 238|0x00000000eee00000, 0x00000000eef00000, 0x00000000eef00000|100%| E|CS|TAMS 0x00000000eee00000, 0x00000000eee00000| Complete 
| 239|0x00000000eef00000, 0x00000000ef000000, 0x00000000ef000000|100%| E|CS|TAMS 0x00000000eef00000, 0x00000000eef00000| Complete 
| 240|0x00000000ef000000, 0x00000000ef100000, 0x00000000ef100000|100%| E|CS|TAMS 0x00000000ef000000, 0x00000000ef000000| Complete 
| 241|0x00000000ef100000, 0x00000000ef200000, 0x00000000ef200000|100%| E|CS|TAMS 0x00000000ef100000, 0x00000000ef100000| Complete 
| 242|0x00000000ef200000, 0x00000000ef300000, 0x00000000ef300000|100%| E|CS|TAMS 0x00000000ef200000, 0x00000000ef200000| Complete 
| 243|0x00000000ef300000, 0x00000000ef400000, 0x00000000ef400000|100%| E|CS|TAMS 0x00000000ef300000, 0x00000000ef300000| Complete 
| 244|0x00000000ef400000, 0x00000000ef500000, 0x00000000ef500000|100%| E|CS|TAMS 0x00000000ef400000, 0x00000000ef400000| Complete 
| 245|0x00000000ef500000, 0x00000000ef600000, 0x00000000ef600000|100%| E|CS|TAMS 0x00000000ef500000, 0x00000000ef500000| Complete 
| 246|0x00000000ef600000, 0x00000000ef700000, 0x00000000ef700000|100%| E|CS|TAMS 0x00000000ef600000, 0x00000000ef600000| Complete 
| 247|0x00000000ef700000, 0x00000000ef800000, 0x00000000ef800000|100%| E|CS|TAMS 0x00000000ef700000, 0x00000000ef700000| Complete 
| 248|0x00000000ef800000, 0x00000000ef900000, 0x00000000ef900000|100%| E|CS|TAMS 0x00000000ef800000, 0x00000000ef800000| Complete 
| 249|0x00000000ef900000, 0x00000000efa00000, 0x00000000efa00000|100%| E|CS|TAMS 0x00000000ef900000, 0x00000000ef900000| Complete 
| 250|0x00000000efa00000, 0x00000000efb00000, 0x00000000efb00000|100%| E|CS|TAMS 0x00000000efa00000, 0x00000000efa00000| Complete 
| 251|0x00000000efb00000, 0x00000000efc00000, 0x00000000efc00000|100%| E|CS|TAMS 0x00000000efb00000, 0x00000000efb00000| Complete 
| 252|0x00000000efc00000, 0x00000000efd00000, 0x00000000efd00000|100%| E|CS|TAMS 0x00000000efc00000, 0x00000000efc00000| Complete 
| 253|0x00000000efd00000, 0x00000000efe00000, 0x00000000efe00000|100%| E|CS|TAMS 0x00000000efd00000, 0x00000000efd00000| Complete 
| 254|0x00000000efe00000, 0x00000000eff00000, 0x00000000eff00000|100%| E|CS|TAMS 0x00000000efe00000, 0x00000000efe00000| Complete 
| 255|0x00000000eff00000, 0x00000000f0000000, 0x00000000f0000000|100%| E|CS|TAMS 0x00000000eff00000, 0x00000000eff00000| Complete 
| 256|0x00000000f0000000, 0x00000000f0100000, 0x00000000f0100000|100%| E|CS|TAMS 0x00000000f0000000, 0x00000000f0000000| Complete 
| 257|0x00000000f0100000, 0x00000000f0200000, 0x00000000f0200000|100%| E|CS|TAMS 0x00000000f0100000, 0x00000000f0100000| Complete 
| 258|0x00000000f0200000, 0x00000000f0300000, 0x00000000f0300000|100%| E|CS|TAMS 0x00000000f0200000, 0x00000000f0200000| Complete 
| 259|0x00000000f0300000, 0x00000000f0400000, 0x00000000f0400000|100%| E|CS|TAMS 0x00000000f0300000, 0x00000000f0300000| Complete 
| 260|0x00000000f0400000, 0x00000000f0500000, 0x00000000f0500000|100%| E|CS|TAMS 0x00000000f0400000, 0x00000000f0400000| Complete 
| 261|0x00000000f0500000, 0x00000000f0600000, 0x00000000f0600000|100%| E|CS|TAMS 0x00000000f0500000, 0x00000000f0500000| Complete 
| 262|0x00000000f0600000, 0x00000000f0700000, 0x00000000f0700000|100%| E|CS|TAMS 0x00000000f0600000, 0x00000000f0600000| Complete 
| 263|0x00000000f0700000, 0x00000000f0800000, 0x00000000f0800000|100%| E|CS|TAMS 0x00000000f0700000, 0x00000000f0700000| Complete 
| 264|0x00000000f0800000, 0x00000000f0900000, 0x00000000f0900000|100%| E|CS|TAMS 0x00000000f0800000, 0x00000000f0800000| Complete 
| 265|0x00000000f0900000, 0x00000000f0a00000, 0x00000000f0a00000|100%| E|CS|TAMS 0x00000000f0900000, 0x00000000f0900000| Complete 
| 266|0x00000000f0a00000, 0x00000000f0b00000, 0x00000000f0b00000|100%| E|CS|TAMS 0x00000000f0a00000, 0x00000000f0a00000| Complete 
| 267|0x00000000f0b00000, 0x00000000f0c00000, 0x00000000f0c00000|100%| E|CS|TAMS 0x00000000f0b00000, 0x00000000f0b00000| Complete 
| 268|0x00000000f0c00000, 0x00000000f0d00000, 0x00000000f0d00000|100%| E|CS|TAMS 0x00000000f0c00000, 0x00000000f0c00000| Complete 
| 269|0x00000000f0d00000, 0x00000000f0e00000, 0x00000000f0e00000|100%| E|CS|TAMS 0x00000000f0d00000, 0x00000000f0d00000| Complete 
| 270|0x00000000f0e00000, 0x00000000f0f00000, 0x00000000f0f00000|100%| E|CS|TAMS 0x00000000f0e00000, 0x00000000f0e00000| Complete 
| 271|0x00000000f0f00000, 0x00000000f1000000, 0x00000000f1000000|100%| E|CS|TAMS 0x00000000f0f00000, 0x00000000f0f00000| Complete 
| 272|0x00000000f1000000, 0x00000000f1100000, 0x00000000f1100000|100%| E|CS|TAMS 0x00000000f1000000, 0x00000000f1000000| Complete 
| 273|0x00000000f1100000, 0x00000000f1200000, 0x00000000f1200000|100%| E|CS|TAMS 0x00000000f1100000, 0x00000000f1100000| Complete 
| 274|0x00000000f1200000, 0x00000000f1300000, 0x00000000f1300000|100%| E|CS|TAMS 0x00000000f1200000, 0x00000000f1200000| Complete 
| 275|0x00000000f1300000, 0x00000000f1400000, 0x00000000f1400000|100%| E|CS|TAMS 0x00000000f1300000, 0x00000000f1300000| Complete 
| 276|0x00000000f1400000, 0x00000000f1500000, 0x00000000f1500000|100%| E|CS|TAMS 0x00000000f1400000, 0x00000000f1400000| Complete 
| 277|0x00000000f1500000, 0x00000000f1600000, 0x00000000f1600000|100%| E|CS|TAMS 0x00000000f1500000, 0x00000000f1500000| Complete 
| 278|0x00000000f1600000, 0x00000000f1700000, 0x00000000f1700000|100%| E|CS|TAMS 0x00000000f1600000, 0x00000000f1600000| Complete 
| 279|0x00000000f1700000, 0x00000000f1800000, 0x00000000f1800000|100%| E|CS|TAMS 0x00000000f1700000, 0x00000000f1700000| Complete 
| 280|0x00000000f1800000, 0x00000000f1900000, 0x00000000f1900000|100%| E|CS|TAMS 0x00000000f1800000, 0x00000000f1800000| Complete 
| 281|0x00000000f1900000, 0x00000000f1a00000, 0x00000000f1a00000|100%| E|CS|TAMS 0x00000000f1900000, 0x00000000f1900000| Complete 
| 282|0x00000000f1a00000, 0x00000000f1b00000, 0x00000000f1b00000|100%| E|CS|TAMS 0x00000000f1a00000, 0x00000000f1a00000| Complete 
| 283|0x00000000f1b00000, 0x00000000f1bbfc60, 0x00000000f1c00000| 74%| S|CS|TAMS 0x00000000f1b00000, 0x00000000f1b00000| Complete 
| 284|0x00000000f1c00000, 0x00000000f1d00000, 0x00000000f1d00000|100%| E|CS|TAMS 0x00000000f1c00000, 0x00000000f1c00000| Complete 
| 285|0x00000000f1d00000, 0x00000000f1e00000, 0x00000000f1e00000|100%| E|CS|TAMS 0x00000000f1d00000, 0x00000000f1d00000| Complete 
| 286|0x00000000f1e00000, 0x00000000f1f00000, 0x00000000f1f00000|100%| E|CS|TAMS 0x00000000f1e00000, 0x00000000f1e00000| Complete 
| 287|0x00000000f1f00000, 0x00000000f2000000, 0x00000000f2000000|100%| E|CS|TAMS 0x00000000f1f00000, 0x00000000f1f00000| Complete 
| 288|0x00000000f2000000, 0x00000000f2100000, 0x00000000f2100000|100%| E|CS|TAMS 0x00000000f2000000, 0x00000000f2000000| Complete 
| 289|0x00000000f2100000, 0x00000000f2200000, 0x00000000f2200000|100%| E|CS|TAMS 0x00000000f2100000, 0x00000000f2100000| Complete 
| 290|0x00000000f2200000, 0x00000000f2300000, 0x00000000f2300000|100%| E|CS|TAMS 0x00000000f2200000, 0x00000000f2200000| Complete 
| 291|0x00000000f2300000, 0x00000000f2400000, 0x00000000f2400000|100%| E|CS|TAMS 0x00000000f2300000, 0x00000000f2300000| Complete 

Card table byte_map: [0x000001bd2fa50000,0x000001bd2fb50000] _byte_map_base: 0x000001bd2f350000

Marking Bits (Prev, Next): (CMBitMap*) 0x000001bd172963f0, (CMBitMap*) 0x000001bd17296430
 Prev Bits: [0x000001bd2fc50000, 0x000001bd30450000)
 Next Bits: [0x000001bd30450000, 0x000001bd30c50000)

Polling page: 0x000001bd17340000

Metaspace:

Usage:
  Non-class:    119.48 MB used.
      Class:     17.78 MB used.
       Both:    137.25 MB used.

Virtual space:
  Non-class space:      128.00 MB reserved,     120.00 MB ( 94%) committed,  2 nodes.
      Class space:      320.00 MB reserved,      18.25 MB (  6%) committed,  1 nodes.
             Both:      448.00 MB reserved,     138.25 MB ( 31%) committed. 

Chunk freelists:
   Non-Class:  7.83 MB
       Class:  13.58 MB
        Both:  21.41 MB

MaxMetaspaceSize: 384.00 MB
CompressedClassSpaceSize: 320.00 MB
Initial GC threshold: 21.00 MB
Current GC threshold: 229.38 MB
CDS: on
MetaspaceReclaimPolicy: balanced
 - commit_granule_bytes: 65536.
 - commit_granule_words: 8192.
 - virtual_space_node_default_size: 8388608.
 - enlarge_chunks_in_place: 1.
 - new_chunks_are_fully_committed: 0.
 - uncommit_free_chunks: 1.
 - use_allocation_guard: 0.
 - handle_deallocations: 1.


Internal statistics:

num_allocs_failed_limit: 24.
num_arena_births: 1492.
num_arena_deaths: 0.
num_vsnodes_births: 3.
num_vsnodes_deaths: 0.
num_space_committed: 2212.
num_space_uncommitted: 0.
num_chunks_returned_to_freelist: 24.
num_chunks_taken_from_freelist: 6810.
num_chunk_merges: 24.
num_chunk_splits: 4971.
num_chunks_enlarged: 3794.
num_inconsistent_stats: 0.

CodeHeap 'non-profiled nmethods': size=120000Kb used=10847Kb max_used=11264Kb free=109152Kb
 bounds [0x000001bd27df0000, 0x000001bd28900000, 0x000001bd2f320000]
CodeHeap 'profiled nmethods': size=120000Kb used=27540Kb max_used=29225Kb free=92459Kb
 bounds [0x000001bd20320000, 0x000001bd21fb0000, 0x000001bd27850000]
CodeHeap 'non-nmethods': size=5760Kb used=1943Kb max_used=1995Kb free=3816Kb
 bounds [0x000001bd27850000, 0x000001bd27ac0000, 0x000001bd27df0000]
 total_blobs=13897 nmethods=12812 adapters=996
 compilation: enabled
              stopped_count=0, restarted_count=0
 full_count=0

Compilation events (20 events):
Event: 115.323 Thread 0x000001bd332a4290 16514       3       org.gradle.internal.logging.text.AbstractLineChoppingStyledTextOutput$SeenFromEol::add (18 bytes)
Event: 115.323 Thread 0x000001bd332a4290 nmethod 16514 0x000001bd204be590 code [0x000001bd204be720, 0x000001bd204be858]
Event: 115.323 Thread 0x000001bd332a4290 16515       3       org.gradle.internal.logging.console.StyledTextOutputBackedRenderer$OutputEventTextOutputImpl::doEndLine (17 bytes)
Event: 115.324 Thread 0x000001bd332a4290 nmethod 16515 0x000001bd206b2110 code [0x000001bd206b22e0, 0x000001bd206b2718]
Event: 115.339 Thread 0x000001bd332a4290 16516       3       java.util.TreeMap$KeySet::iterator (32 bytes)
Event: 115.339 Thread 0x000001bd332a4290 nmethod 16516 0x000001bd20dd5610 code [0x000001bd20dd5820, 0x000001bd20dd5ff8]
Event: 115.339 Thread 0x000001bd332a4290 16517       3       java.util.TreeMap::keyIterator (13 bytes)
Event: 115.340 Thread 0x000001bd332a4290 nmethod 16517 0x000001bd21cc3610 code [0x000001bd21cc37e0, 0x000001bd21cc3cf8]
Event: 115.341 Thread 0x000001bd332a4290 16518       3       org.gradle.api.internal.collections.AbstractIterationOrderRetainingElementSource$RealizedElementCollectionIterator::next (46 bytes)
Event: 115.342 Thread 0x000001bd332a4290 nmethod 16518 0x000001bd209d0710 code [0x000001bd209d08e0, 0x000001bd209d0cc8]
Event: 115.342 Thread 0x000001bd332a4290 16519       3       org.gradle.api.internal.collections.AbstractIterationOrderRetainingElementSource$RealizedElementCollectionIterator::checkForComodification (23 bytes)
Event: 115.342 Thread 0x000001bd332a4290 nmethod 16519 0x000001bd205ecb90 code [0x000001bd205ecd40, 0x000001bd205ecf68]
Event: 115.350 Thread 0x000001bd332a4290 16521       1       java.net.URI::getRawPath (5 bytes)
Event: 115.350 Thread 0x000001bd332a4290 nmethod 16521 0x000001bd28073c90 code [0x000001bd28073e20, 0x000001bd28073ef8]
Event: 115.353 Thread 0x000001bd332a4290 16522       1       org.gradle.cache.internal.filelock.DefaultLockOptions::getMode (5 bytes)
Event: 115.353 Thread 0x000001bd332a4290 nmethod 16522 0x000001bd281d3a10 code [0x000001bd281d3ba0, 0x000001bd281d3c78]
Event: 115.387 Thread 0x000001bd332a4290 16523       3       java.security.spec.ECFieldFp::getFieldSize (8 bytes)
Event: 115.388 Thread 0x000001bd332a4290 nmethod 16523 0x000001bd20a0aa90 code [0x000001bd20a0ac40, 0x000001bd20a0ada8]
Event: 115.389 Thread 0x000001bd332a4290 16524       1       java.security.spec.ECFieldFp::getP (5 bytes)
Event: 115.389 Thread 0x000001bd332a4290 nmethod 16524 0x000001bd2816a310 code [0x000001bd2816a4a0, 0x000001bd2816a578]

GC Heap History (20 events):
Event: 71.192 GC heap before
{Heap before GC invocations=88 (full 0):
 garbage-first heap   total 299008K, used 174397K [0x00000000e0000000, 0x0000000100000000)
  region size 1024K, 42 young (43008K), 2 survivors (2048K)
 Metaspace       used 115458K, committed 116352K, reserved 458752K
  class space    used 15144K, committed 15552K, reserved 327680K
}
Event: 71.194 GC heap after
{Heap after GC invocations=89 (full 0):
 garbage-first heap   total 299008K, used 133351K [0x00000000e0000000, 0x0000000100000000)
  region size 1024K, 1 young (1024K), 1 survivors (1024K)
 Metaspace       used 115458K, committed 116352K, reserved 458752K
  class space    used 15144K, committed 15552K, reserved 327680K
}
Event: 71.200 GC heap before
{Heap before GC invocations=89 (full 0):
 garbage-first heap   total 299008K, used 139495K [0x00000000e0000000, 0x0000000100000000)
  region size 1024K, 2 young (2048K), 1 survivors (1024K)
 Metaspace       used 115458K, committed 116352K, reserved 458752K
  class space    used 15144K, committed 15552K, reserved 327680K
}
Event: 71.202 GC heap after
{Heap after GC invocations=90 (full 0):
 garbage-first heap   total 299008K, used 139249K [0x00000000e0000000, 0x0000000100000000)
  region size 1024K, 1 young (1024K), 1 survivors (1024K)
 Metaspace       used 115458K, committed 116352K, reserved 458752K
  class space    used 15144K, committed 15552K, reserved 327680K
}
Event: 73.382 GC heap before
{Heap before GC invocations=91 (full 0):
 garbage-first heap   total 299008K, used 242673K [0x00000000e0000000, 0x0000000100000000)
  region size 1024K, 120 young (122880K), 1 survivors (1024K)
 Metaspace       used 117532K, committed 118400K, reserved 458752K
  class space    used 15362K, committed 15744K, reserved 327680K
}
Event: 73.413 GC heap after
{Heap after GC invocations=92 (full 0):
 garbage-first heap   total 299008K, used 145454K [0x00000000e0000000, 0x0000000100000000)
  region size 1024K, 15 young (15360K), 15 survivors (15360K)
 Metaspace       used 117532K, committed 118400K, reserved 458752K
  class space    used 15362K, committed 15744K, reserved 327680K
}
Event: 73.426 GC heap before
{Heap before GC invocations=92 (full 0):
 garbage-first heap   total 299008K, used 146478K [0x00000000e0000000, 0x0000000100000000)
  region size 1024K, 16 young (16384K), 15 survivors (15360K)
 Metaspace       used 117532K, committed 118400K, reserved 458752K
  class space    used 15362K, committed 15744K, reserved 327680K
}
Event: 73.450 GC heap after
{Heap after GC invocations=93 (full 0):
 garbage-first heap   total 299008K, used 125951K [0x00000000e0000000, 0x0000000100000000)
  region size 1024K, 2 young (2048K), 2 survivors (2048K)
 Metaspace       used 117532K, committed 118400K, reserved 458752K
  class space    used 15362K, committed 15744K, reserved 327680K
}
Event: 75.642 GC heap before
{Heap before GC invocations=93 (full 0):
 garbage-first heap   total 299008K, used 200703K [0x00000000e0000000, 0x0000000100000000)
  region size 1024K, 76 young (77824K), 2 survivors (2048K)
 Metaspace       used 122263K, committed 123328K, reserved 458752K
  class space    used 15812K, committed 16320K, reserved 327680K
}
Event: 75.664 GC heap after
{Heap after GC invocations=94 (full 0):
 garbage-first heap   total 299008K, used 139263K [0x00000000e0000000, 0x0000000100000000)
  region size 1024K, 13 young (13312K), 13 survivors (13312K)
 Metaspace       used 122263K, committed 123328K, reserved 458752K
  class space    used 15812K, committed 16320K, reserved 327680K
}
Event: 82.722 GC heap before
{Heap before GC invocations=95 (full 0):
 garbage-first heap   total 299008K, used 227327K [0x00000000e0000000, 0x0000000100000000)
  region size 1024K, 97 young (99328K), 13 survivors (13312K)
 Metaspace       used 130224K, committed 131264K, reserved 458752K
  class space    used 17014K, committed 17472K, reserved 327680K
}
Event: 82.747 GC heap after
{Heap after GC invocations=96 (full 0):
 garbage-first heap   total 299008K, used 147668K [0x00000000e0000000, 0x0000000100000000)
  region size 1024K, 6 young (6144K), 6 survivors (6144K)
 Metaspace       used 130224K, committed 131264K, reserved 458752K
  class space    used 17014K, committed 17472K, reserved 327680K
}
Event: 83.382 GC heap before
{Heap before GC invocations=96 (full 0):
 garbage-first heap   total 299008K, used 154836K [0x00000000e0000000, 0x0000000100000000)
  region size 1024K, 14 young (14336K), 6 survivors (6144K)
 Metaspace       used 132273K, committed 133312K, reserved 458752K
  class space    used 17246K, committed 17728K, reserved 327680K
}
Event: 83.394 GC heap after
{Heap after GC invocations=97 (full 0):
 garbage-first heap   total 299008K, used 147717K [0x00000000e0000000, 0x0000000100000000)
  region size 1024K, 2 young (2048K), 2 survivors (2048K)
 Metaspace       used 132273K, committed 133312K, reserved 458752K
  class space    used 17246K, committed 17728K, reserved 327680K
}
Event: 88.056 GC heap before
{Heap before GC invocations=97 (full 0):
 garbage-first heap   total 299008K, used 186629K [0x00000000e0000000, 0x0000000100000000)
  region size 1024K, 42 young (43008K), 2 survivors (2048K)
 Metaspace       used 139706K, committed 140736K, reserved 458752K
  class space    used 18082K, committed 18560K, reserved 327680K
}
Event: 88.069 GC heap after
{Heap after GC invocations=98 (full 0):
 garbage-first heap   total 299008K, used 150130K [0x00000000e0000000, 0x0000000100000000)
  region size 1024K, 5 young (5120K), 5 survivors (5120K)
 Metaspace       used 139706K, committed 140736K, reserved 458752K
  class space    used 18082K, committed 18560K, reserved 327680K
}
Event: 106.982 GC heap before
{Heap before GC invocations=99 (full 0):
 garbage-first heap   total 299008K, used 221810K [0x00000000e0000000, 0x0000000100000000)
  region size 1024K, 85 young (87040K), 5 survivors (5120K)
 Metaspace       used 140428K, committed 141440K, reserved 458752K
  class space    used 18188K, committed 18688K, reserved 327680K
}
Event: 106.990 GC heap after
{Heap after GC invocations=100 (full 0):
 garbage-first heap   total 299008K, used 133965K [0x00000000e0000000, 0x0000000100000000)
  region size 1024K, 6 young (6144K), 6 survivors (6144K)
 Metaspace       used 140428K, committed 141440K, reserved 458752K
  class space    used 18188K, committed 18688K, reserved 327680K
}
Event: 107.449 GC heap before
{Heap before GC invocations=100 (full 0):
 garbage-first heap   total 299008K, used 141133K [0x00000000e0000000, 0x0000000100000000)
  region size 1024K, 14 young (14336K), 6 survivors (6144K)
 Metaspace       used 140428K, committed 141440K, reserved 458752K
  class space    used 18188K, committed 18688K, reserved 327680K
}
Event: 107.459 GC heap after
{Heap after GC invocations=101 (full 0):
 garbage-first heap   total 299008K, used 114831K [0x00000000e0000000, 0x0000000100000000)
  region size 1024K, 1 young (1024K), 1 survivors (1024K)
 Metaspace       used 140428K, committed 141440K, reserved 458752K
  class space    used 18188K, committed 18688K, reserved 327680K
}

Deoptimization events (20 events):
Event: 115.351 Thread 0x000001bd4d4ee210 DEOPT PACKING pc=0x000001bd280acab4 sp=0x000000bb8fbfea20
Event: 115.351 Thread 0x000001bd4d4ee210 DEOPT UNPACKING pc=0x000001bd278a23a3 sp=0x000000bb8fbfea18 mode 2
Event: 115.351 Thread 0x000001bd4d4ee210 Uncommon trap: trap_request=0xffffff45 fr.pc=0x000001bd286d1678 relative=0x00000000000000b8
Event: 115.351 Thread 0x000001bd4d4ee210 Uncommon trap: reason=unstable_if action=reinterpret pc=0x000001bd286d1678 method=org.gradle.internal.logging.sink.ProgressLogEventGenerator.onOutput(Lorg/gradle/internal/logging/events/OutputEvent;)V @ 40 c2
Event: 115.352 Thread 0x000001bd4d4ee210 DEOPT PACKING pc=0x000001bd286d1678 sp=0x000000bb8fbfe5b0
Event: 115.352 Thread 0x000001bd4d4ee210 DEOPT UNPACKING pc=0x000001bd278a23a3 sp=0x000000bb8fbfe550 mode 2
Event: 115.352 Thread 0x000001bd4d4ee210 Uncommon trap: trap_request=0xffffff45 fr.pc=0x000001bd280fe968 relative=0x0000000000000388
Event: 115.352 Thread 0x000001bd4d4ee210 Uncommon trap: reason=unstable_if action=reinterpret pc=0x000001bd280fe968 method=org.gradle.internal.operations.DefaultBuildOperationListenerManager$ProgressShieldingBuildOperationListener.progress(Lorg/gradle/internal/operations/OperationIdentifier;Lorg
Event: 115.352 Thread 0x000001bd4d4ee210 DEOPT PACKING pc=0x000001bd280fe968 sp=0x000000bb8fbfe840
Event: 115.352 Thread 0x000001bd4d4ee210 DEOPT UNPACKING pc=0x000001bd278a23a3 sp=0x000000bb8fbfe788 mode 2
Event: 115.352 Thread 0x000001bd4d4ef140 DEOPT PACKING pc=0x000001bd281a7e50 sp=0x000000bb8fdf6340
Event: 115.352 Thread 0x000001bd4d4ef140 DEOPT UNPACKING pc=0x000001bd278a23a3 sp=0x000000bb8fdf6310 mode 2
Event: 115.356 Thread 0x000001bd17269290 Uncommon trap: trap_request=0xffffffc6 fr.pc=0x000001bd27fd6440 relative=0x00000000000001a0
Event: 115.356 Thread 0x000001bd17269290 Uncommon trap: reason=bimorphic_or_optimized_type_check action=maybe_recompile pc=0x000001bd27fd6440 method=java.io.BufferedOutputStream.flush()V @ 8 c2
Event: 115.356 Thread 0x000001bd17269290 DEOPT PACKING pc=0x000001bd27fd6440 sp=0x000000bb8e0fdef0
Event: 115.356 Thread 0x000001bd17269290 DEOPT UNPACKING pc=0x000001bd278a23a3 sp=0x000000bb8e0fde98 mode 2
Event: 115.356 Thread 0x000001bd17269290 Uncommon trap: trap_request=0xffffffc6 fr.pc=0x000001bd27fd6440 relative=0x00000000000001a0
Event: 115.356 Thread 0x000001bd17269290 Uncommon trap: reason=bimorphic_or_optimized_type_check action=maybe_recompile pc=0x000001bd27fd6440 method=java.io.BufferedOutputStream.flush()V @ 8 c2
Event: 115.356 Thread 0x000001bd17269290 DEOPT PACKING pc=0x000001bd27fd6440 sp=0x000000bb8e0fdec0
Event: 115.356 Thread 0x000001bd17269290 DEOPT UNPACKING pc=0x000001bd278a23a3 sp=0x000000bb8e0fde68 mode 2

Classes unloaded (0 events):
No events

Classes redefined (0 events):
No events

Internal exceptions (20 events):
Event: 83.036 Thread 0x000001bd4d4ef140 Implicit null exception at 0x000001bd282081b8 to 0x000001bd28208914
Event: 83.059 Thread 0x000001bd4d4ef140 Exception <a 'sun/nio/fs/WindowsException'{0x00000000f20e8668}> (0x00000000f20e8668) 
thrown [s\open\src\hotspot\share\prims\jni.cpp, line 516]
Event: 84.642 Thread 0x000001bd4d4ef140 Exception <a 'java/lang/NoSuchMethodError'{0x00000000f11d1598}: 'void java.lang.invoke.DirectMethodHandle$Holder.invokeVirtual(java.lang.Object, java.lang.Object, long)'> (0x00000000f11d1598) 
thrown [s\open\src\hotspot\share\interpreter\linkResolver.cpp, line 759]
Event: 84.642 Thread 0x000001bd4d4ef140 Implicit null exception at 0x000001bd28101fc7 to 0x000001bd28102270
Event: 84.648 Thread 0x000001bd4d4eec30 Exception <a 'java/lang/NoSuchMethodError'{0x00000000f1006118}: static Lorg/gradle/internal/build/event/types/DefaultStatusEvent;.<clinit>()V> (0x00000000f1006118) 
thrown [s\open\src\hotspot\share\prims\jni.cpp, line 1112]
Event: 84.658 Thread 0x000001bd4d4eec30 Exception <a 'java/lang/NoSuchMethodError'{0x00000000f10b3d48}: static Lorg/gradle/internal/build/event/types/DefaultOperationFinishedProgressEvent;.<clinit>()V> (0x00000000f10b3d48) 
thrown [s\open\src\hotspot\share\prims\jni.cpp, line 1112]
Event: 84.660 Thread 0x000001bd4d4eec30 Exception <a 'java/lang/NoSuchMethodError'{0x00000000f10cf848}: static Lorg/gradle/internal/build/event/types/DefaultFileDownloadSuccessResult;.<clinit>()V> (0x00000000f10cf848) 
thrown [s\open\src\hotspot\share\prims\jni.cpp, line 1112]
Event: 84.660 Thread 0x000001bd4d4eec30 Exception <a 'java/lang/NoSuchMethodError'{0x00000000f10d03f8}: static Lorg/gradle/internal/build/event/types/DefaultSuccessResult;.<clinit>()V> (0x00000000f10d03f8) 
thrown [s\open\src\hotspot\share\prims\jni.cpp, line 1112]
Event: 84.660 Thread 0x000001bd4d4eec30 Exception <a 'java/lang/NoSuchMethodError'{0x00000000f10d1070}: static Lorg/gradle/internal/build/event/types/AbstractOperationResult;.<clinit>()V> (0x00000000f10d1070) 
thrown [s\open\src\hotspot\share\prims\jni.cpp, line 1112]
Event: 84.692 Thread 0x000001bd4d4ef140 Exception <a 'java/lang/NoSuchMethodError'{0x00000000f0f8a440}: 'int java.lang.invoke.DirectMethodHandle$Holder.invokeSpecial(java.lang.Object, java.lang.Object, int)'> (0x00000000f0f8a440) 
thrown [s\open\src\hotspot\share\interpreter\linkResolver.cpp, line 759]
Event: 84.837 Thread 0x000001bd4d4ef140 Implicit null exception at 0x000001bd27e6ef6f to 0x000001bd27e6f1b8
Event: 85.630 Thread 0x000001bd4d4ef140 Exception <a 'java/lang/NoSuchMethodError'{0x00000000f07d0050}: 'void java.lang.invoke.DirectMethodHandle$Holder.invokeSpecial(java.lang.Object, java.lang.Object, long, java.lang.Object, java.lang.Object)'> (0x00000000f07d0050) 
thrown [s\open\src\hotspot\share\interpreter\linkResolver.cpp, line 759]
Event: 85.630 Thread 0x000001bd4d4ef140 Exception <a 'java/lang/NoSuchMethodError'{0x00000000f07d84e8}: 'java.lang.Object java.lang.invoke.DirectMethodHandle$Holder.newInvokeSpecial(java.lang.Object, java.lang.Object, long, java.lang.Object)'> (0x00000000f07d84e8) 
thrown [s\open\src\hotspot\share\interpreter\linkResolver.cpp, line 759]
Event: 85.630 Thread 0x000001bd4d4ef140 Exception <a 'java/lang/NoSuchMethodError'{0x00000000f07dd2a0}: 'java.lang.Object java.lang.invoke.DirectMethodHandle$Holder.invokeSpecial(java.lang.Object, java.lang.Object, java.lang.Object, long, java.lang.Object)'> (0x00000000f07dd2a0) 
thrown [s\open\src\hotspot\share\interpreter\linkResolver.cpp, line 759]
Event: 85.631 Thread 0x000001bd4d4ef140 Exception <a 'java/lang/NoSuchMethodError'{0x00000000f07e19a0}: 'java.lang.Object java.lang.invoke.Invokers$Holder.linkToTargetMethod(java.lang.Object, long, java.lang.Object, java.lang.Object)'> (0x00000000f07e19a0) 
thrown [s\open\src\hotspot\share\interpreter\linkResolver.cpp, line 759]
Event: 85.635 Thread 0x000001bd4d4ef140 Exception <a 'java/lang/NoSuchMethodError'{0x00000000f07fdb68}: 'void java.lang.invoke.DirectMethodHandle$Holder.invokeStatic(java.lang.Object, java.lang.Object, java.lang.Object, int, java.lang.Object)'> (0x00000000f07fdb68) 
thrown [s\open\src\hotspot\share\interpreter\linkResolver.cpp, line 759]
Event: 86.101 Thread 0x000001bd4d4ef140 Exception <a 'java/lang/IncompatibleClassChangeError'{0x00000000f03c9500}: Found class java.lang.Object, but interface was expected> (0x00000000f03c9500) 
thrown [s\open\src\hotspot\share\interpreter\linkResolver.cpp, line 826]
Event: 115.298 Thread 0x000001bd4d4ef140 Exception <a 'java/io/IOException'{0x00000000ecaf4610}> (0x00000000ecaf4610) 
thrown [s\open\src\hotspot\share\prims\jni.cpp, line 516]
Event: 115.345 Thread 0x000001bd4d4edd00 StackOverflowError at 0x000001bd27f47cc0
Event: 115.345 Thread 0x000001bd4d4edd00 Exception <a 'java/lang/StackOverflowError'{0x00000000ec800110}> (0x00000000ec800110) 
thrown [s\open\src\hotspot\share\runtime\sharedRuntime.cpp, line 631]

VM Operations (20 events):
Event: 97.784 Executing VM operation: Cleanup
Event: 97.784 Executing VM operation: Cleanup done
Event: 98.785 Executing VM operation: Cleanup
Event: 98.785 Executing VM operation: Cleanup done
Event: 103.801 Executing VM operation: Cleanup
Event: 103.801 Executing VM operation: Cleanup done
Event: 104.245 Executing VM operation: HandshakeAllThreads
Event: 104.245 Executing VM operation: HandshakeAllThreads done
Event: 104.248 Executing VM operation: HandshakeAllThreads
Event: 104.248 Executing VM operation: HandshakeAllThreads done
Event: 105.248 Executing VM operation: Cleanup
Event: 105.248 Executing VM operation: Cleanup done
Event: 106.982 Executing VM operation: G1CollectForAllocation
Event: 106.990 Executing VM operation: G1CollectForAllocation done
Event: 107.449 Executing VM operation: G1CollectForAllocation
Event: 107.459 Executing VM operation: G1CollectForAllocation done
Event: 115.302 Executing VM operation: HandshakeAllThreads
Event: 115.302 Executing VM operation: HandshakeAllThreads done
Event: 115.302 Executing VM operation: Cleanup
Event: 115.302 Executing VM operation: Cleanup done

Events (20 events):
Event: 94.810 Thread 0x000001bd332a9eb0 flushing nmethod 0x000001bd21d58d90
Event: 94.810 Thread 0x000001bd332a9eb0 flushing nmethod 0x000001bd21d5e110
Event: 94.810 Thread 0x000001bd332a9eb0 flushing nmethod 0x000001bd21d5f710
Event: 94.810 Thread 0x000001bd332a9eb0 flushing nmethod 0x000001bd21d61490
Event: 94.810 Thread 0x000001bd332a9eb0 flushing nmethod 0x000001bd21d62390
Event: 94.810 Thread 0x000001bd332a9eb0 flushing nmethod 0x000001bd21d87010
Event: 94.810 Thread 0x000001bd332a9eb0 flushing nmethod 0x000001bd21db0b90
Event: 94.810 Thread 0x000001bd332a9eb0 flushing nmethod 0x000001bd21dc7d10
Event: 94.810 Thread 0x000001bd332a9eb0 flushing nmethod 0x000001bd21deaa10
Event: 94.811 Thread 0x000001bd332a9eb0 flushing nmethod 0x000001bd21e17c90
Event: 94.811 Thread 0x000001bd332a9eb0 flushing nmethod 0x000001bd21e1ef10
Event: 94.811 Thread 0x000001bd332a9eb0 flushing nmethod 0x000001bd21e2a610
Event: 94.811 Thread 0x000001bd332a9eb0 flushing nmethod 0x000001bd21e44c90
Event: 115.305 loading class java/lang/Throwable$WrappedPrintWriter
Event: 115.306 loading class java/lang/Throwable$PrintStreamOrWriter
Event: 115.306 loading class java/lang/Throwable$PrintStreamOrWriter done
Event: 115.306 loading class java/lang/Throwable$WrappedPrintWriter done
Event: 115.307 loading class java/lang/StackTraceElement$HashedModules
Event: 115.307 loading class java/lang/StackTraceElement$HashedModules done
Event: 115.345 Thread 0x000001bd4d4edd00 Thread exited: 0x000001bd4d4edd00


Dynamic libraries:
0x00007ff689d30000 - 0x00007ff689d40000 	C:\Program Files\Java\jdk-17\bin\java.exe
0x00007ffdbd570000 - 0x00007ffdbd768000 	C:\WINDOWS\SYSTEM32\ntdll.dll
0x00007ffdbca60000 - 0x00007ffdbcb22000 	C:\WINDOWS\System32\KERNEL32.DLL
0x00007ffdbacf0000 - 0x00007ffdbafe6000 	C:\WINDOWS\System32\KERNELBASE.dll
0x00007ffdbb2a0000 - 0x00007ffdbb3a0000 	C:\WINDOWS\System32\ucrtbase.dll
0x00007ffda99d0000 - 0x00007ffda99eb000 	C:\Program Files\Java\jdk-17\bin\VCRUNTIME140.dll
0x00007ffda8ff0000 - 0x00007ffda9009000 	C:\Program Files\Java\jdk-17\bin\jli.dll
0x00007ffdbc3f0000 - 0x00007ffdbc4a1000 	C:\WINDOWS\System32\ADVAPI32.dll
0x00007ffdbcb30000 - 0x00007ffdbcbce000 	C:\WINDOWS\System32\msvcrt.dll
0x00007ffdbb5d0000 - 0x00007ffdbb66f000 	C:\WINDOWS\System32\sechost.dll
0x00007ffdbd410000 - 0x00007ffdbd530000 	C:\WINDOWS\System32\RPCRT4.dll
0x00007ffdbb1c0000 - 0x00007ffdbb1e7000 	C:\WINDOWS\System32\bcrypt.dll
0x00007ffdbcd10000 - 0x00007ffdbceb1000 	C:\WINDOWS\System32\USER32.dll
0x00007ffdbb1f0000 - 0x00007ffdbb212000 	C:\WINDOWS\System32\win32u.dll
0x00007ffdbb590000 - 0x00007ffdbb5bb000 	C:\WINDOWS\System32\GDI32.dll
0x00007ffdbb0a0000 - 0x00007ffdbb1b9000 	C:\WINDOWS\System32\gdi32full.dll
0x00007ffdbac50000 - 0x00007ffdbaced000 	C:\WINDOWS\System32\msvcp_win.dll
0x00007ffdaa480000 - 0x00007ffdaa71b000 	C:\WINDOWS\WinSxS\amd64_microsoft.windows.common-controls_6595b64144ccf1df_6.0.19041.6456_none_60b8a6cb71f64256\COMCTL32.dll
0x00007ffdab580000 - 0x00007ffdab58a000 	C:\WINDOWS\SYSTEM32\VERSION.dll
0x00007ffdbc300000 - 0x00007ffdbc32f000 	C:\WINDOWS\System32\IMM32.DLL
0x00007ffdb3f80000 - 0x00007ffdb3f8c000 	C:\Program Files\Java\jdk-17\bin\vcruntime140_1.dll
0x00007ffd94360000 - 0x00007ffd943ee000 	C:\Program Files\Java\jdk-17\bin\msvcp140.dll
0x00007ffd718f0000 - 0x00007ffd724d0000 	C:\Program Files\Java\jdk-17\bin\server\jvm.dll
0x00007ffdbb5c0000 - 0x00007ffdbb5c8000 	C:\WINDOWS\System32\PSAPI.DLL
0x00007ffdb8b20000 - 0x00007ffdb8b29000 	C:\WINDOWS\SYSTEM32\WSOCK32.dll
0x00007ffdbcbd0000 - 0x00007ffdbcc3b000 	C:\WINDOWS\System32\WS2_32.dll
0x00007ffdaa770000 - 0x00007ffdaa797000 	C:\WINDOWS\SYSTEM32\WINMM.dll
0x00007ffdb8c50000 - 0x00007ffdb8c62000 	C:\WINDOWS\SYSTEM32\kernel.appcore.dll
0x00007ffdb3f20000 - 0x00007ffdb3f2a000 	C:\Program Files\Java\jdk-17\bin\jimage.dll
0x00007ffdb87a0000 - 0x00007ffdb89a1000 	C:\WINDOWS\SYSTEM32\DBGHELP.DLL
0x00007ffd97cb0000 - 0x00007ffd97ce4000 	C:\WINDOWS\SYSTEM32\dbgcore.DLL
0x00007ffdbb3a0000 - 0x00007ffdbb422000 	C:\WINDOWS\System32\bcryptPrimitives.dll
0x00007ffdb3450000 - 0x00007ffdb345e000 	C:\Program Files\Java\jdk-17\bin\instrument.dll
0x00007ffda4380000 - 0x00007ffda43a5000 	C:\Program Files\Java\jdk-17\bin\java.dll
0x00007ffd856c0000 - 0x00007ffd85797000 	C:\Program Files\Java\jdk-17\bin\jsvml.dll
0x00007ffdbbae0000 - 0x00007ffdbc250000 	C:\WINDOWS\System32\SHELL32.dll
0x00007ffdb8c70000 - 0x00007ffdb9415000 	C:\WINDOWS\SYSTEM32\windows.storage.dll
0x00007ffdbd0b0000 - 0x00007ffdbd404000 	C:\WINDOWS\System32\combase.dll
0x00007ffdba630000 - 0x00007ffdba65b000 	C:\WINDOWS\SYSTEM32\Wldp.dll
0x00007ffdbcc40000 - 0x00007ffdbcd0d000 	C:\WINDOWS\System32\OLEAUT32.dll
0x00007ffdbc250000 - 0x00007ffdbc2fd000 	C:\WINDOWS\System32\SHCORE.dll
0x00007ffdbc390000 - 0x00007ffdbc3eb000 	C:\WINDOWS\System32\shlwapi.dll
0x00007ffdbab30000 - 0x00007ffdbab54000 	C:\WINDOWS\SYSTEM32\profapi.dll
0x00007ffda5e80000 - 0x00007ffda5e98000 	C:\Program Files\Java\jdk-17\bin\zip.dll
0x00007ffda33d0000 - 0x00007ffda33e9000 	C:\Program Files\java\jdk-17\bin\net.dll
0x00007ffdb1eb0000 - 0x00007ffdb1fba000 	C:\WINDOWS\SYSTEM32\WINHTTP.dll
0x00007ffdba390000 - 0x00007ffdba3fa000 	C:\WINDOWS\system32\mswsock.dll
0x00007ffda33b0000 - 0x00007ffda33c6000 	C:\Program Files\java\jdk-17\bin\nio.dll
0x00007ffdb32e0000 - 0x00007ffdb32f0000 	C:\Program Files\Java\jdk-17\bin\verify.dll
0x00007ffd93320000 - 0x00007ffd93347000 	C:\Users\DrLalkinstein\.gradle\native\1def1411415f61bf3af743bc5b6707747c0891f09f0c88961ee8f79bc544acac\windows-amd64\native-platform.dll
0x00007ffd85240000 - 0x00007ffd852b7000 	C:\Users\DrLalkinstein\.gradle\native\0.2.8\x86_64-windows-gnu\gradle-fileevents.dll
0x00007ffdaa750000 - 0x00007ffdaa75a000 	C:\Program Files\java\jdk-17\bin\management.dll
0x00007ffda99c0000 - 0x00007ffda99cb000 	C:\Program Files\java\jdk-17\bin\management_ext.dll
0x00007ffdba020000 - 0x00007ffdba05b000 	C:\WINDOWS\SYSTEM32\IPHLPAPI.DLL
0x00007ffdbca30000 - 0x00007ffdbca38000 	C:\WINDOWS\System32\NSI.dll
0x00007ffdb3260000 - 0x00007ffdb3277000 	C:\WINDOWS\SYSTEM32\dhcpcsvc6.DLL
0x00007ffdb39f0000 - 0x00007ffdb3a0d000 	C:\WINDOWS\SYSTEM32\dhcpcsvc.DLL
0x00007ffdba070000 - 0x00007ffdba13a000 	C:\WINDOWS\SYSTEM32\DNSAPI.dll
0x00007ffdba580000 - 0x00007ffdba598000 	C:\WINDOWS\SYSTEM32\CRYPTSP.dll
0x00007ffdb9c40000 - 0x00007ffdb9c78000 	C:\WINDOWS\system32\rsaenh.dll
0x00007ffdbaab0000 - 0x00007ffdbaade000 	C:\WINDOWS\SYSTEM32\USERENV.dll
0x00007ffdba5a0000 - 0x00007ffdba5ac000 	C:\WINDOWS\SYSTEM32\CRYPTBASE.dll
0x00007ffda9850000 - 0x00007ffda985e000 	C:\Program Files\java\jdk-17\bin\sunmscapi.dll
0x00007ffdbb430000 - 0x00007ffdbb58d000 	C:\WINDOWS\System32\CRYPT32.dll
0x00007ffdba6a0000 - 0x00007ffdba6c7000 	C:\WINDOWS\SYSTEM32\ncrypt.dll
0x00007ffdba660000 - 0x00007ffdba69b000 	C:\WINDOWS\SYSTEM32\NTASN1.dll
0x00007ffdb4140000 - 0x00007ffdb4147000 	C:\WINDOWS\system32\wshunix.dll
0x00007ffdae520000 - 0x00007ffdae52a000 	C:\Windows\System32\rasadhlp.dll
0x00007ffda8e90000 - 0x00007ffda8f10000 	C:\WINDOWS\System32\fwpuclnt.dll

dbghelp: loaded successfully - version: 4.0.5 - missing functions: none
symbol engine: initialized successfully - sym options: 0x614 - pdb path: .;C:\Program Files\Java\jdk-17\bin;C:\WINDOWS\SYSTEM32;C:\WINDOWS\WinSxS\amd64_microsoft.windows.common-controls_6595b64144ccf1df_6.0.19041.6456_none_60b8a6cb71f64256;C:\Program Files\Java\jdk-17\bin\server;C:\Users\DrLalkinstein\.gradle\native\1def1411415f61bf3af743bc5b6707747c0891f09f0c88961ee8f79bc544acac\windows-amd64;C:\Users\DrLalkinstein\.gradle\native\0.2.8\x86_64-windows-gnu

VM Arguments:
jvm_args: --add-opens=java.base/java.lang=ALL-UNNAMED --add-opens=java.base/java.lang.invoke=ALL-UNNAMED --add-opens=java.base/java.util=ALL-UNNAMED --add-opens=java.prefs/java.util.prefs=ALL-UNNAMED --add-exports=jdk.compiler/com.sun.tools.javac.api=ALL-UNNAMED --add-exports=jdk.compiler/com.sun.tools.javac.util=ALL-UNNAMED --add-opens=java.base/java.util=ALL-UNNAMED --add-opens=java.prefs/java.util.prefs=ALL-UNNAMED --add-opens=java.base/java.nio.charset=ALL-UNNAMED --add-opens=java.base/java.net=ALL-UNNAMED --add-opens=java.base/java.util.concurrent=ALL-UNNAMED --add-opens=java.base/java.util.concurrent.atomic=ALL-UNNAMED --add-opens=java.xml/javax.xml.namespace=ALL-UNNAMED -XX:MaxMetaspaceSize=384m -XX:+HeapDumpOnOutOfMemoryError -Xms256m -Xmx512m -Dfile.encoding=UTF-8 -Duser.country=RU -Duser.language=ru -Duser.variant -javaagent:C:\Users\DrLalkinstein\.gradle\wrapper\dists\gradle-9.0.0-bin\d6wjpkvcgsg3oed0qlfss3wgl\gradle-9.0.0\lib\agents\gradle-instrumentation-agent-9.0.0.jar 
java_command: org.gradle.launcher.daemon.bootstrap.GradleDaemon 9.0.0
java_class_path (initial): C:\Users\DrLalkinstein\.gradle\wrapper\dists\gradle-9.0.0-bin\d6wjpkvcgsg3oed0qlfss3wgl\gradle-9.0.0\lib\gradle-daemon-main-9.0.0.jar
Launcher Type: SUN_STANDARD

[Global flags]
     intx CICompilerCount                          = 3                                         {product} {ergonomic}
   size_t CompressedClassSpaceSize                 = 335544320                                 {product} {ergonomic}
     uint ConcGCThreads                            = 1                                         {product} {ergonomic}
     uint G1ConcRefinementThreads                  = 4                                         {product} {ergonomic}
   size_t G1HeapRegionSize                         = 1048576                                   {product} {ergonomic}
    uintx GCDrainStackTargetSize                   = 64                                        {product} {ergonomic}
     bool HeapDumpOnOutOfMemoryError               = true                                   {manageable} {command line}
   size_t InitialHeapSize                          = 268435456                                 {product} {command line}
   size_t MarkStackSize                            = 4194304                                   {product} {ergonomic}
   size_t MaxHeapSize                              = 536870912                                 {product} {command line}
   size_t MaxMetaspaceSize                         = 402653184                                 {product} {command line}
   size_t MaxNewSize                               = 321912832                                 {product} {ergonomic}
   size_t MinHeapDeltaBytes                        = 1048576                                   {product} {ergonomic}
   size_t MinHeapSize                              = 268435456                                 {product} {command line}
    uintx NonNMethodCodeHeapSize                   = 5832780                                {pd product} {ergonomic}
    uintx NonProfiledCodeHeapSize                  = 122912730                              {pd product} {ergonomic}
    uintx ProfiledCodeHeapSize                     = 122912730                              {pd product} {ergonomic}
    uintx ReservedCodeCacheSize                    = 251658240                              {pd product} {ergonomic}
     bool SegmentedCodeCache                       = true                                      {product} {ergonomic}
   size_t SoftMaxHeapSize                          = 536870912                              {manageable} {ergonomic}
     bool UseCompressedClassPointers               = true                           {product lp64_product} {ergonomic}
     bool UseCompressedOops                        = true                           {product lp64_product} {ergonomic}
     bool UseG1GC                                  = true                                      {product} {ergonomic}
     bool UseLargePagesIndividualAllocation        = false                                  {pd product} {ergonomic}

Logging:
Log output configuration:
 #0: stdout all=warning uptime,level,tags
 #1: stderr all=off uptime,level,tags

Environment Variables:
JAVA_HOME=C:\Program Files\java\jdk-17
PATH=C:\Program Files\Common Files\Oracle\Java\javapath;C:\Program Files\AdoptOpenJDK\jdk-11.0.11.9-hotspot\bin;C:\WINDOWS\system32;C:\WINDOWS;C:\WINDOWS\System32\Wbem;C:\WINDOWS\System32\WindowsPowerShell\v1.0\;C:\WINDOWS\System32\OpenSSH\;C:\Program Files\PuTTY\;C:\Program Files\Microsoft SQL Server\Client SDK\ODBC\110\Tools\Binn\;C:\Program Files (x86)\Microsoft SQL Server\120\Tools\Binn\;C:\Program Files\Microsoft SQL Server\120\Tools\Binn\;C:\Program Files\Microsoft SQL Server\120\DTS\Binn\;C:\GRADLE\bin;C:\Program Files\Git\cmd;C:\Users\DrLalkinstein\AppData\Local\Microsoft\WindowsApps;;C:\Users\DrLalkinstein\AppData\Local\Programs\Microsoft VS Code\bin;C:\Program Files\JetBrains\IntelliJ IDEA 2025.3.4\bin
USERNAME=DrLalkinstein
OS=Windows_NT
PROCESSOR_IDENTIFIER=Intel64 Family 6 Model 69 Stepping 1, GenuineIntel



---------------  S Y S T E M  ---------------

OS:
 Windows 10 , 64 bit Build 19041 (10.0.19041.5915)
OS uptime: 2 days 5:54 hours

CPU: total 4 (initial active 4) (2 cores per cpu, 2 threads per core) family 6 model 69 stepping 1 microcode 0x25, cx8, cmov, fxsr, ht, mmx, sse, sse2, sse3, ssse3, sse4.1, sse4.2, popcnt, lzcnt, tsc, tscinvbit, avx, avx2, aes, erms, clmul, bmi1, bmi2, fma, vzeroupper, clflush

Memory: 4k page, system-wide physical 8104M (373M free)
TotalPageFile size 10152M (AvailPageFile size 0M)
current process WorkingSet (physical memory assigned to process): 630M, peak: 641M
current process commit charge ("private bytes"): 667M, peak: 680M

vm_info: Java HotSpot(TM) 64-Bit Server VM (17.0.12+8-LTS-286) for windows-amd64 JRE (17.0.12+8-LTS-286), built on Jun  5 2024 06:46:59 by "mach5one" with MS VC++ 17.6 (VS2022)

END.
